Removed Pin From Net: NetName=NetC27_2 Pin=U2-1
Removed Pin From Net: NetName=NetC27_2 Pin=U2-2
Removed Pin From Net: NetName=NetC40_1 Pin=U2-3
Removed Pin From Net: NetName=NetC41_1 Pin=U2-5
Removed Pin From Net: NetName=NetC34_2 Pin=U2-6
Removed Pin From Net: NetName=NetC34_2 Pin=U2-7
Removed Pin From Net: NetName=NetC48_2 Pin=U3-1
Removed Pin From Net: NetName=NetC48_2 Pin=U3-2
Removed Pin From Net: NetName=NetC61_1 Pin=U3-3
Removed Pin From Net: NetName=NetC62_1 Pin=U3-5
Removed Pin From Net: NetName=NetC55_2 Pin=U3-6
Removed Pin From Net: NetName=NetC55_2 Pin=U3-7
Removed Pin From Net: NetName=NetC69_2 Pin=U4-1
Removed Pin From Net: NetName=NetC69_2 Pin=U4-2
Removed Pin From Net: NetName=NetC82_1 Pin=U4-3
Removed Pin From Net: NetName=NetC83_1 Pin=U4-5
Removed Pin From Net: NetName=NetC76_2 Pin=U4-6
Removed Pin From Net: NetName=NetC76_2 Pin=U4-7
Change Component Designator: OldDesignator=C28 NewDesignator=C29
Change Component Designator: OldDesignator=C29 NewDesignator=C30
Change Component Designator: OldDesignator=C30 NewDesignator=C31
Change Component Designator: OldDesignator=C31 NewDesignator=C32
Change Component Designator: OldDesignator=C32 NewDesignator=C33
Change Component Designator: OldDesignator=C33 NewDesignator=C34
Change Component Designator: OldDesignator=C34 NewDesignator=C28
Change Component Designator: OldDesignator=C49 NewDesignator=C50
Change Component Designator: OldDesignator=C50 NewDesignator=C51
Change Component Designator: OldDesignator=C51 NewDesignator=C52
Change Component Designator: OldDesignator=C52 NewDesignator=C53
Change Component Designator: OldDesignator=C53 NewDesignator=C54
Change Component Designator: OldDesignator=C54 NewDesignator=C55
Change Component Designator: OldDesignator=C55 NewDesignator=C49
Change Component Designator: OldDesignator=C70 NewDesignator=C71
Change Component Designator: OldDesignator=C71 NewDesignator=C72
Change Component Designator: OldDesignator=C72 NewDesignator=C73
Change Component Designator: OldDesignator=C73 NewDesignator=C74
Change Component Designator: OldDesignator=C74 NewDesignator=C75
Change Component Designator: OldDesignator=C75 NewDesignator=C76
Change Component Designator: OldDesignator=C76 NewDesignator=C70
Added Pin To Net: NetName=NetC34_2 Pin=U2-1
Added Pin To Net: NetName=NetC34_2 Pin=U2-2
Added Pin To Net: NetName=NetC41_1 Pin=U2-3
Added Pin To Net: NetName=NetC40_1 Pin=U2-5
Added Pin To Net: NetName=NetC27_2 Pin=U2-6
Added Pin To Net: NetName=NetC27_2 Pin=U2-7
Added Pin To Net: NetName=NetC55_2 Pin=U3-1
Added Pin To Net: NetName=NetC55_2 Pin=U3-2
Added Pin To Net: NetName=NetC62_1 Pin=U3-3
Added Pin To Net: NetName=NetC61_1 Pin=U3-5
Added Pin To Net: NetName=NetC48_2 Pin=U3-6
Added Pin To Net: NetName=NetC48_2 Pin=U3-7
Added Pin To Net: NetName=NetC76_2 Pin=U4-1
Added Pin To Net: NetName=NetC76_2 Pin=U4-2
Added Pin To Net: NetName=NetC83_1 Pin=U4-3
Added Pin To Net: NetName=NetC82_1 Pin=U4-5
Added Pin To Net: NetName=NetC69_2 Pin=U4-6
Added Pin To Net: NetName=NetC69_2 Pin=U4-7
Change Net Name : Old Net Name=NetC34_1 New Net Name=NetC28_1
Change Net Name : Old Net Name=NetC34_2 New Net Name=NetC28_2
Change Net Name : Old Net Name=NetC55_1 New Net Name=NetC49_1
Change Net Name : Old Net Name=NetC55_2 New Net Name=NetC49_2
Change Net Name : Old Net Name=NetC76_1 New Net Name=NetC70_1
Change Net Name : Old Net Name=NetC76_2 New Net Name=NetC70_2
Added Room: Name=Digitalizador_RPi
