Change component parameters: Designator = "R56"; Footprint = "RESC2012X50N"; UniqueID = "\DUKXPKKE"
Change component parameters. Clean all parameters for all variants
Change component parameters (AddParameter): Name = "Arrow Part Number"; Value = ""; VariantName = "[No Variations]"
Change component parameters (AddParameter): Name = "Arrow Price/Stock"; Value = ""; VariantName = "[No Variations]"
Change component parameters (AddParameter): Name = "Datasheet Link"; Value = "https://datasheet.lcsc.com/lcsc/1809271724_UNI-ROYAL-Uniroyal-Elec-0805W8F2002T5E_C4328.pdf"; VariantName = "[No Variations]"
Change component parameters (AddParameter): Name = "Height"; Value = "0.65mm"; VariantName = "[No Variations]"
Change component parameters (AddParameter): Name = "Info"; Value = "±1% ±100ppm/? 20kO 0.125W 0805 Chip Resistor - Surface Mount ROHS"; VariantName = "[No Variations]"
Change component parameters (AddParameter): Name = "JLCPCB Basic"; Value = "Yes"; VariantName = "[No Variations]"
Change component parameters (AddParameter): Name = "JLCPCB Part #"; Value = "C4328"; VariantName = "[No Variations]"
Change component parameters (AddParameter): Name = "JLCPCB Price"; Value = "0.0042"; VariantName = "[No Variations]"
Change component parameters (AddParameter): Name = "Manufacturer_Name"; Value = "Uniroyal Elec"; VariantName = "[No Variations]"
Change component parameters (AddParameter): Name = "Manufacturer_Part_Number"; Value = "0805W8F2002T5E"; VariantName = "[No Variations]"
Change component parameters (AddParameter): Name = "Mouser Part Number"; Value = ""; VariantName = "[No Variations]"
Change component parameters (AddParameter): Name = "Mouser Price/Stock"; Value = ""; VariantName = "[No Variations]"
Change component parameters (AddParameter): Name = "Package"; Value = "0805"; VariantName = "[No Variations]"
Change component parameters (AddParameter): Name = "Value"; Value = "20K"; VariantName = "[No Variations]"
Change component parameters: Designator = "R72"; Footprint = "RESC2012X50N"; UniqueID = "\BXHZPPND"
Change component parameters. Clean all parameters for all variants
Change component parameters (AddParameter): Name = "Arrow Part Number"; Value = ""; VariantName = "[No Variations]"
Change component parameters (AddParameter): Name = "Arrow Price/Stock"; Value = ""; VariantName = "[No Variations]"
Change component parameters (AddParameter): Name = "Datasheet Link"; Value = "https://datasheet.lcsc.com/lcsc/1809271724_UNI-ROYAL-Uniroyal-Elec-0805W8F2002T5E_C4328.pdf"; VariantName = "[No Variations]"
Change component parameters (AddParameter): Name = "Height"; Value = "0.65mm"; VariantName = "[No Variations]"
Change component parameters (AddParameter): Name = "Info"; Value = "±1% ±100ppm/? 20kO 0.125W 0805 Chip Resistor - Surface Mount ROHS"; VariantName = "[No Variations]"
Change component parameters (AddParameter): Name = "JLCPCB Basic"; Value = "Yes"; VariantName = "[No Variations]"
Change component parameters (AddParameter): Name = "JLCPCB Part #"; Value = "C4328"; VariantName = "[No Variations]"
Change component parameters (AddParameter): Name = "JLCPCB Price"; Value = "0.0042"; VariantName = "[No Variations]"
Change component parameters (AddParameter): Name = "Manufacturer_Name"; Value = "Uniroyal Elec"; VariantName = "[No Variations]"
Change component parameters (AddParameter): Name = "Manufacturer_Part_Number"; Value = "0805W8F2002T5E"; VariantName = "[No Variations]"
Change component parameters (AddParameter): Name = "Mouser Part Number"; Value = ""; VariantName = "[No Variations]"
Change component parameters (AddParameter): Name = "Mouser Price/Stock"; Value = ""; VariantName = "[No Variations]"
Change component parameters (AddParameter): Name = "Package"; Value = "0805"; VariantName = "[No Variations]"
Change component parameters (AddParameter): Name = "Value"; Value = "20K"; VariantName = "[No Variations]"
Change component parameters: Designator = "R90"; Footprint = "RESC2012X50N"; UniqueID = "\TZPCTLEB"
Change component parameters. Clean all parameters for all variants
Change component parameters (AddParameter): Name = "Arrow Part Number"; Value = ""; VariantName = "[No Variations]"
Change component parameters (AddParameter): Name = "Arrow Price/Stock"; Value = ""; VariantName = "[No Variations]"
Change component parameters (AddParameter): Name = "Datasheet Link"; Value = "https://datasheet.lcsc.com/lcsc/1809271724_UNI-ROYAL-Uniroyal-Elec-0805W8F2002T5E_C4328.pdf"; VariantName = "[No Variations]"
Change component parameters (AddParameter): Name = "Height"; Value = "0.65mm"; VariantName = "[No Variations]"
Change component parameters (AddParameter): Name = "Info"; Value = "±1% ±100ppm/? 20kO 0.125W 0805 Chip Resistor - Surface Mount ROHS"; VariantName = "[No Variations]"
Change component parameters (AddParameter): Name = "JLCPCB Basic"; Value = "Yes"; VariantName = "[No Variations]"
Change component parameters (AddParameter): Name = "JLCPCB Part #"; Value = "C4328"; VariantName = "[No Variations]"
Change component parameters (AddParameter): Name = "JLCPCB Price"; Value = "0.0042"; VariantName = "[No Variations]"
Change component parameters (AddParameter): Name = "Manufacturer_Name"; Value = "Uniroyal Elec"; VariantName = "[No Variations]"
Change component parameters (AddParameter): Name = "Manufacturer_Part_Number"; Value = "0805W8F2002T5E"; VariantName = "[No Variations]"
Change component parameters (AddParameter): Name = "Mouser Part Number"; Value = ""; VariantName = "[No Variations]"
Change component parameters (AddParameter): Name = "Mouser Price/Stock"; Value = ""; VariantName = "[No Variations]"
Change component parameters (AddParameter): Name = "Package"; Value = "0805"; VariantName = "[No Variations]"
Change component parameters (AddParameter): Name = "Value"; Value = "20K"; VariantName = "[No Variations]"
Change component parameters: Designator = "R106"; Footprint = "RESC2012X50N"; UniqueID = "\AUFHMXCQ"
Change component parameters. Clean all parameters for all variants
Change component parameters (AddParameter): Name = "Arrow Part Number"; Value = ""; VariantName = "[No Variations]"
Change component parameters (AddParameter): Name = "Arrow Price/Stock"; Value = ""; VariantName = "[No Variations]"
Change component parameters (AddParameter): Name = "Datasheet Link"; Value = "https://datasheet.lcsc.com/lcsc/1809271724_UNI-ROYAL-Uniroyal-Elec-0805W8F2002T5E_C4328.pdf"; VariantName = "[No Variations]"
Change component parameters (AddParameter): Name = "Height"; Value = "0.65mm"; VariantName = "[No Variations]"
Change component parameters (AddParameter): Name = "Info"; Value = "±1% ±100ppm/? 20kO 0.125W 0805 Chip Resistor - Surface Mount ROHS"; VariantName = "[No Variations]"
Change component parameters (AddParameter): Name = "JLCPCB Basic"; Value = "Yes"; VariantName = "[No Variations]"
Change component parameters (AddParameter): Name = "JLCPCB Part #"; Value = "C4328"; VariantName = "[No Variations]"
Change component parameters (AddParameter): Name = "JLCPCB Price"; Value = "0.0042"; VariantName = "[No Variations]"
Change component parameters (AddParameter): Name = "Manufacturer_Name"; Value = "Uniroyal Elec"; VariantName = "[No Variations]"
Change component parameters (AddParameter): Name = "Manufacturer_Part_Number"; Value = "0805W8F2002T5E"; VariantName = "[No Variations]"
Change component parameters (AddParameter): Name = "Mouser Part Number"; Value = ""; VariantName = "[No Variations]"
Change component parameters (AddParameter): Name = "Mouser Price/Stock"; Value = ""; VariantName = "[No Variations]"
Change component parameters (AddParameter): Name = "Package"; Value = "0805"; VariantName = "[No Variations]"
Change component parameters (AddParameter): Name = "Value"; Value = "20K"; VariantName = "[No Variations]"
Change component parameters: Designator = "R124"; Footprint = "RESC2012X50N"; UniqueID = "\WWWDCLEO"
Change component parameters. Clean all parameters for all variants
Change component parameters (AddParameter): Name = "Arrow Part Number"; Value = ""; VariantName = "[No Variations]"
Change component parameters (AddParameter): Name = "Arrow Price/Stock"; Value = ""; VariantName = "[No Variations]"
Change component parameters (AddParameter): Name = "Datasheet Link"; Value = "https://datasheet.lcsc.com/lcsc/1809271724_UNI-ROYAL-Uniroyal-Elec-0805W8F2002T5E_C4328.pdf"; VariantName = "[No Variations]"
Change component parameters (AddParameter): Name = "Height"; Value = "0.65mm"; VariantName = "[No Variations]"
Change component parameters (AddParameter): Name = "Info"; Value = "±1% ±100ppm/? 20kO 0.125W 0805 Chip Resistor - Surface Mount ROHS"; VariantName = "[No Variations]"
Change component parameters (AddParameter): Name = "JLCPCB Basic"; Value = "Yes"; VariantName = "[No Variations]"
Change component parameters (AddParameter): Name = "JLCPCB Part #"; Value = "C4328"; VariantName = "[No Variations]"
Change component parameters (AddParameter): Name = "JLCPCB Price"; Value = "0.0042"; VariantName = "[No Variations]"
Change component parameters (AddParameter): Name = "Manufacturer_Name"; Value = "Uniroyal Elec"; VariantName = "[No Variations]"
Change component parameters (AddParameter): Name = "Manufacturer_Part_Number"; Value = "0805W8F2002T5E"; VariantName = "[No Variations]"
Change component parameters (AddParameter): Name = "Mouser Part Number"; Value = ""; VariantName = "[No Variations]"
Change component parameters (AddParameter): Name = "Mouser Price/Stock"; Value = ""; VariantName = "[No Variations]"
Change component parameters (AddParameter): Name = "Package"; Value = "0805"; VariantName = "[No Variations]"
Change component parameters (AddParameter): Name = "Value"; Value = "20K"; VariantName = "[No Variations]"
Change component parameters: Designator = "R140"; Footprint = "RESC2012X50N"; UniqueID = "\QPRWYIKJ"
Change component parameters. Clean all parameters for all variants
Change component parameters (AddParameter): Name = "Arrow Part Number"; Value = ""; VariantName = "[No Variations]"
Change component parameters (AddParameter): Name = "Arrow Price/Stock"; Value = ""; VariantName = "[No Variations]"
Change component parameters (AddParameter): Name = "Datasheet Link"; Value = "https://datasheet.lcsc.com/lcsc/1809271724_UNI-ROYAL-Uniroyal-Elec-0805W8F2002T5E_C4328.pdf"; VariantName = "[No Variations]"
Change component parameters (AddParameter): Name = "Height"; Value = "0.65mm"; VariantName = "[No Variations]"
Change component parameters (AddParameter): Name = "Info"; Value = "±1% ±100ppm/? 20kO 0.125W 0805 Chip Resistor - Surface Mount ROHS"; VariantName = "[No Variations]"
Change component parameters (AddParameter): Name = "JLCPCB Basic"; Value = "Yes"; VariantName = "[No Variations]"
Change component parameters (AddParameter): Name = "JLCPCB Part #"; Value = "C4328"; VariantName = "[No Variations]"
Change component parameters (AddParameter): Name = "JLCPCB Price"; Value = "0.0042"; VariantName = "[No Variations]"
Change component parameters (AddParameter): Name = "Manufacturer_Name"; Value = "Uniroyal Elec"; VariantName = "[No Variations]"
Change component parameters (AddParameter): Name = "Manufacturer_Part_Number"; Value = "0805W8F2002T5E"; VariantName = "[No Variations]"
Change component parameters (AddParameter): Name = "Mouser Part Number"; Value = ""; VariantName = "[No Variations]"
Change component parameters (AddParameter): Name = "Mouser Price/Stock"; Value = ""; VariantName = "[No Variations]"
Change component parameters (AddParameter): Name = "Package"; Value = "0805"; VariantName = "[No Variations]"
Change component parameters (AddParameter): Name = "Value"; Value = "20K"; VariantName = "[No Variations]"
Added Room: Name=Digitalizador_RPi
