Removed Pin From Net: NetName=NetR79_2 Pin=U2-8
Removed Pin From Net: NetName=NetR79_1 Pin=U2-9
Removed Pin From Net: NetName=NetR69_2 Pin=U2-10
Removed Pin From Net: NetName=NetR79_2 Pin=U2-12
Removed Pin From Net: NetName=SIGNAL1 Pin=U2-13
Removed Pin From Net: NetName=SIGNAL1 Pin=U2-14
Removed Pin From Net: NetName=NetR113_2 Pin=U3-8
Removed Pin From Net: NetName=NetR113_1 Pin=U3-9
Removed Pin From Net: NetName=NetR103_2 Pin=U3-10
Removed Pin From Net: NetName=NetR113_2 Pin=U3-12
Removed Pin From Net: NetName=SIGNAL2 Pin=U3-13
Removed Pin From Net: NetName=SIGNAL2 Pin=U3-14
Removed Pin From Net: NetName=NetR147_2 Pin=U4-8
Removed Pin From Net: NetName=NetR147_1 Pin=U4-9
Removed Pin From Net: NetName=NetR137_2 Pin=U4-10
Removed Pin From Net: NetName=NetR147_2 Pin=U4-12
Removed Pin From Net: NetName=SIGNAL3 Pin=U4-13
Removed Pin From Net: NetName=SIGNAL3 Pin=U4-14
Added Pin To Net: NetName=SIGNAL1 Pin=U2-8
Added Pin To Net: NetName=SIGNAL1 Pin=U2-9
Added Pin To Net: NetName=NetR79_2 Pin=U2-10
Added Pin To Net: NetName=NetR69_2 Pin=U2-12
Added Pin To Net: NetName=NetR79_1 Pin=U2-13
Added Pin To Net: NetName=NetR79_2 Pin=U2-14
Added Pin To Net: NetName=SIGNAL2 Pin=U3-8
Added Pin To Net: NetName=SIGNAL2 Pin=U3-9
Added Pin To Net: NetName=NetR113_2 Pin=U3-10
Added Pin To Net: NetName=NetR103_2 Pin=U3-12
Added Pin To Net: NetName=NetR113_1 Pin=U3-13
Added Pin To Net: NetName=NetR113_2 Pin=U3-14
Added Pin To Net: NetName=SIGNAL3 Pin=U4-8
Added Pin To Net: NetName=SIGNAL3 Pin=U4-9
Added Pin To Net: NetName=NetR147_2 Pin=U4-10
Added Pin To Net: NetName=NetR137_2 Pin=U4-12
Added Pin To Net: NetName=NetR147_1 Pin=U4-13
Added Pin To Net: NetName=NetR147_2 Pin=U4-14
Added Member To Class: ClassName=Digitalizador_RPi Member=Component C28 Cap
Added Member To Class: ClassName=Digitalizador_RPi Member=Component C30 CC0603KRX7R9BB104
Added Member To Class: ClassName=Digitalizador_RPi Member=Component C32 CL10A105KB8NNNC
Added Member To Class: ClassName=Digitalizador_RPi Member=Component C33 CC0603KRX7R9BB104
Added Member To Class: ClassName=Digitalizador_RPi Member=Component C49 Cap
Added Member To Class: ClassName=Digitalizador_RPi Member=Component C51 CC0603KRX7R9BB104
Added Member To Class: ClassName=Digitalizador_RPi Member=Component C53 CL10A105KB8NNNC
Added Member To Class: ClassName=Digitalizador_RPi Member=Component C54 CC0603KRX7R9BB104
Added Member To Class: ClassName=Digitalizador_RPi Member=Component C71 CL10A105KB8NNNC
Added Member To Class: ClassName=Digitalizador_RPi Member=Component C73 CL10B103KB8NNNC
Added Member To Class: ClassName=Digitalizador_RPi Member=Component C74 CL10A105KB8NNNC
Added Room: Name=Digitalizador_RPi
