Removed Pin From Net: NetName=+5V Pin=U4-1
Change Component Designator: OldDesignator=C4 NewDesignator=C36
Change Component Designator: OldDesignator=C5 NewDesignator=C4
Change Component Designator: OldDesignator=C6 NewDesignator=C5
Change Component Designator: OldDesignator=C7 NewDesignator=C6
Change Component Designator: OldDesignator=C8 NewDesignator=C7
Change Component Designator: OldDesignator=C9 NewDesignator=C8
Change Component Designator: OldDesignator=C10 NewDesignator=C9
Change Component Designator: OldDesignator=C11 NewDesignator=C23
Change Component Designator: OldDesignator=C12 NewDesignator=C24
Change Component Designator: OldDesignator=C13 NewDesignator=C10
Change Component Designator: OldDesignator=C14 NewDesignator=C11
Change Component Designator: OldDesignator=C15 NewDesignator=C40
Change Component Designator: OldDesignator=C16 NewDesignator=C12
Change Component Designator: OldDesignator=C17 NewDesignator=C13
Change Component Designator: OldDesignator=C18 NewDesignator=C14
Change Component Designator: OldDesignator=C19 NewDesignator=C15
Change Component Designator: OldDesignator=C20 NewDesignator=C16
Change Component Designator: OldDesignator=C21 NewDesignator=C17
Change Component Designator: OldDesignator=C22 NewDesignator=C18
Change Component Designator: OldDesignator=C23 NewDesignator=C19
Change Component Designator: OldDesignator=C24 NewDesignator=C20
Change Component Designator: OldDesignator=C25 NewDesignator=C26
Change Component Designator: OldDesignator=C26 NewDesignator=C27
Change Component Designator: OldDesignator=C27 NewDesignator=C25
Change Component Designator: OldDesignator=C36 NewDesignator=C37
Change Component Designator: OldDesignator=C37 NewDesignator=C38
Change Component Designator: OldDesignator=C38 NewDesignator=C39
Change Component Designator: OldDesignator=C39 NewDesignator=C41
Change Component Designator: OldDesignator=C40 NewDesignator=C42
Change Component Designator: OldDesignator=C41 NewDesignator=C43
Change Component Designator: OldDesignator=C42 NewDesignator=C44
Change Component Designator: OldDesignator=C43 NewDesignator=C45
Change Component Designator: OldDesignator=C44 NewDesignator=C46
Change Component Designator: OldDesignator=C45 NewDesignator=C47
Change Component Designator: OldDesignator=C46 NewDesignator=C48
Change Component Designator: OldDesignator=C47 NewDesignator=C49
Change Component Designator: OldDesignator=C48 NewDesignator=C50
Change Component Designator: OldDesignator=C49 NewDesignator=C51
Change Component Designator: OldDesignator=C50 NewDesignator=C52
Change Component Designator: OldDesignator=C51 NewDesignator=C53
Change Component Designator: OldDesignator=C52 NewDesignator=C54
Change Component Designator: OldDesignator=C53 NewDesignator=C55
Change Component Designator: OldDesignator=C54 NewDesignator=C56
Change Component Designator: OldDesignator=C55 NewDesignator=C57
Change Component Designator: OldDesignator=C56 NewDesignator=C21
Change Component Designator: OldDesignator=C57 NewDesignator=C22
Change Component Designator: OldDesignator=P4 NewDesignator=P8
Change Component Designator: OldDesignator=P5 NewDesignator=P4
Change Component Designator: OldDesignator=P6 NewDesignator=P5
Change Component Designator: OldDesignator=Q1 NewDesignator=Q2
Change Component Designator: OldDesignator=R1 NewDesignator=R3
Change Component Designator: OldDesignator=R2 NewDesignator=R7
Change Component Designator: OldDesignator=R3 NewDesignator=R8
Change Component Designator: OldDesignator=R4 NewDesignator=R9
Change Component Designator: OldDesignator=R5 NewDesignator=R10
Change Component Designator: OldDesignator=R6 NewDesignator=R65
Change Component Designator: OldDesignator=R7 NewDesignator=R11
Change Component Designator: OldDesignator=R8 NewDesignator=R12
Change Component Designator: OldDesignator=R9 NewDesignator=R13
Change Component Designator: OldDesignator=R10 NewDesignator=R14
Change Component Designator: OldDesignator=R11 NewDesignator=R1
Change Component Designator: OldDesignator=R12 NewDesignator=R2
Change Component Designator: OldDesignator=R13 NewDesignator=R4
Change Component Designator: OldDesignator=R14 NewDesignator=R5
Change Component Designator: OldDesignator=R15 NewDesignator=R79
Change Component Designator: OldDesignator=R16 NewDesignator=R80
Change Component Designator: OldDesignator=R17 NewDesignator=R6
Change Component Designator: OldDesignator=R18 NewDesignator=R19
Change Component Designator: OldDesignator=R19 NewDesignator=R20
Change Component Designator: OldDesignator=R20 NewDesignator=R21
Change Component Designator: OldDesignator=R21 NewDesignator=R22
Change Component Designator: OldDesignator=R22 NewDesignator=R23
Change Component Designator: OldDesignator=R23 NewDesignator=R24
Change Component Designator: OldDesignator=R24 NewDesignator=R25
Change Component Designator: OldDesignator=R25 NewDesignator=R26
Change Component Designator: OldDesignator=R26 NewDesignator=R27
Change Component Designator: OldDesignator=R27 NewDesignator=R28
Change Component Designator: OldDesignator=R28 NewDesignator=R29
Change Component Designator: OldDesignator=R29 NewDesignator=R30
Change Component Designator: OldDesignator=R30 NewDesignator=R31
Change Component Designator: OldDesignator=R31 NewDesignator=R32
Change Component Designator: OldDesignator=R32 NewDesignator=R33
Change Component Designator: OldDesignator=R33 NewDesignator=R34
Change Component Designator: OldDesignator=R34 NewDesignator=R35
Change Component Designator: OldDesignator=R35 NewDesignator=R36
Change Component Designator: OldDesignator=R36 NewDesignator=R37
Change Component Designator: OldDesignator=R37 NewDesignator=R38
Change Component Designator: OldDesignator=R38 NewDesignator=R39
Change Component Designator: OldDesignator=R39 NewDesignator=R40
Change Component Designator: OldDesignator=R40 NewDesignator=R42
Change Component Designator: OldDesignator=R41 NewDesignator=R43
Change Component Designator: OldDesignator=R42 NewDesignator=R44
Change Component Designator: OldDesignator=R43 NewDesignator=R45
Change Component Designator: OldDesignator=R44 NewDesignator=R46
Change Component Designator: OldDesignator=R45 NewDesignator=R47
Change Component Designator: OldDesignator=R46 NewDesignator=R50
Change Component Designator: OldDesignator=R47 NewDesignator=R51
Change Component Designator: OldDesignator=R48 NewDesignator=R52
Change Component Designator: OldDesignator=R49 NewDesignator=R53
Change Component Designator: OldDesignator=R50 NewDesignator=R54
Change Component Designator: OldDesignator=R51 NewDesignator=R55
Change Component Designator: OldDesignator=R52 NewDesignator=R56
Change Component Designator: OldDesignator=R53 NewDesignator=R57
Change Component Designator: OldDesignator=R54 NewDesignator=R58
Change Component Designator: OldDesignator=R55 NewDesignator=R59
Change Component Designator: OldDesignator=R56 NewDesignator=R60
Change Component Designator: OldDesignator=R57 NewDesignator=R61
Change Component Designator: OldDesignator=R58 NewDesignator=R62
Change Component Designator: OldDesignator=R59 NewDesignator=R63
Change Component Designator: OldDesignator=R60 NewDesignator=R64
Change Component Designator: OldDesignator=R61 NewDesignator=R66
Change Component Designator: OldDesignator=R62 NewDesignator=R67
Change Component Designator: OldDesignator=R63 NewDesignator=R68
Change Component Designator: OldDesignator=R64 NewDesignator=R69
Change Component Designator: OldDesignator=R65 NewDesignator=R70
Change Component Designator: OldDesignator=R66 NewDesignator=R71
Change Component Designator: OldDesignator=R67 NewDesignator=R72
Change Component Designator: OldDesignator=R68 NewDesignator=R73
Change Component Designator: OldDesignator=R69 NewDesignator=R74
Change Component Designator: OldDesignator=R70 NewDesignator=R75
Change Component Designator: OldDesignator=R71 NewDesignator=R76
Change Component Designator: OldDesignator=R72 NewDesignator=R77
Change Component Designator: OldDesignator=R73 NewDesignator=R78
Change Component Designator: OldDesignator=R74 NewDesignator=R85
Change Component Designator: OldDesignator=R75 NewDesignator=R86
Change Component Designator: OldDesignator=R76 NewDesignator=R87
Change Component Designator: OldDesignator=R77 NewDesignator=R88
Change Component Designator: OldDesignator=R78 NewDesignator=R89
Change Component Designator: OldDesignator=R79 NewDesignator=R90
Change Component Designator: OldDesignator=R80 NewDesignator=R91
Change Component Designator: OldDesignator=R81 NewDesignator=R92
Change Component Designator: OldDesignator=R82 NewDesignator=R93
Change Component Designator: OldDesignator=R83 NewDesignator=R98
Change Component Designator: OldDesignator=R84 NewDesignator=R99
Change Component Designator: OldDesignator=R85 NewDesignator=R100
Change Component Designator: OldDesignator=R86 NewDesignator=R101
Change Component Designator: OldDesignator=R87 NewDesignator=R102
Change Component Designator: OldDesignator=R88 NewDesignator=R103
Change Component Designator: OldDesignator=R89 NewDesignator=R104
Change Component Designator: OldDesignator=R90 NewDesignator=R105
Change Component Designator: OldDesignator=R91 NewDesignator=R106
Change Component Designator: OldDesignator=R92 NewDesignator=R107
Change Component Designator: OldDesignator=R93 NewDesignator=R108
Change Component Designator: OldDesignator=R94 NewDesignator=R109
Change Component Designator: OldDesignator=R95 NewDesignator=R110
Change Component Designator: OldDesignator=R96 NewDesignator=R111
Change Component Designator: OldDesignator=R97 NewDesignator=R112
Change Component Designator: OldDesignator=R98 NewDesignator=R113
Change Component Designator: OldDesignator=R99 NewDesignator=R114
Change Component Designator: OldDesignator=R100 NewDesignator=R115
Change Component Designator: OldDesignator=R101 NewDesignator=R116
Change Component Designator: OldDesignator=R102 NewDesignator=R48
Change Component Designator: OldDesignator=R103 NewDesignator=R49
Change Component Designator: OldDesignator=U4 NewDesignator=U6
Change Component Designator: OldDesignator=U5 NewDesignator=U4
Change Component Designator: OldDesignator=U6 NewDesignator=U5
Change Component Designator: OldDesignator=U7 NewDesignator=U14
Change Component Designator: OldDesignator=U8 NewDesignator=U7
Change Component Designator: OldDesignator=U9 NewDesignator=U8
Change Component Designator: OldDesignator=U10 NewDesignator=U9
Change Component Designator: OldDesignator=U11 NewDesignator=U10
Change Component Designator: OldDesignator=U12 NewDesignator=U11
Change Component Designator: OldDesignator=U13 NewDesignator=U12
Change Component Designator: OldDesignator=U14 NewDesignator=U13
Added Component: Designator=P6(HDR1X6)
Add component. Clean all parameters for all variants
Add component (AddParameter): Name = "LatestRevisionDate"; Value = "17-Jul-2002"; VariantName = "[No Variations]"
Add component (AddParameter): Name = "LatestRevisionNote"; Value = "Re-released for DXP Platform."; VariantName = "[No Variations]"
Add component (AddParameter): Name = "Publisher"; Value = "Altium Limited"; VariantName = "[No Variations]"
Added Component: Designator=P7(SIP-1X3-M)
Add component. Clean all parameters for all variants
Add component (AddParameter): Name = "LatestRevisionDate"; Value = "17-Jul-2002"; VariantName = "[No Variations]"
Add component (AddParameter): Name = "LatestRevisionNote"; Value = "Re-released for DXP Platform."; VariantName = "[No Variations]"
Add component (AddParameter): Name = "Publisher"; Value = "Altium Limited"; VariantName = "[No Variations]"
Added Component: Designator=P9(SIP-2X20-M)
Add component. Clean all parameters for all variants
Add component (AddParameter): Name = "LatestRevisionDate"; Value = "17-Jul-2002"; VariantName = "[No Variations]"
Add component (AddParameter): Name = "LatestRevisionNote"; Value = "Re-released for DXP Platform."; VariantName = "[No Variations]"
Add component (AddParameter): Name = "Publisher"; Value = "Altium Limited"; VariantName = "[No Variations]"
Added Component: Designator=Q1(SOT23-3L)
Add component. Clean all parameters for all variants
Add component (AddParameter): Name = "LatestRevisionDate"; Value = "17-Jul-2002"; VariantName = "[No Variations]"
Add component (AddParameter): Name = "LatestRevisionNote"; Value = "Re-released for DXP Platform."; VariantName = "[No Variations]"
Add component (AddParameter): Name = "PackageDescription"; Value = "TO, Flat Index; 3 In-Line, Axial Leads; Body Dia. 4.6mm; Lead Dia. 0.5 mm (max)"; VariantName = "[No Variations]"
Add component (AddParameter): Name = "PackageReference"; Value = "E3"; VariantName = "[No Variations]"
Add component (AddParameter): Name = "PackageVersion"; Value = "1995/1996"; VariantName = "[No Variations]"
Add component (AddParameter): Name = "Published"; Value = "8-Jun-2000"; VariantName = "[No Variations]"
Add component (AddParameter): Name = "Publisher"; Value = "Altium Limited"; VariantName = "[No Variations]"
Added Component: Designator=Q3(SOT523)
Add component. Clean all parameters for all variants
Added Component: Designator=Q4(SOT523)
Add component. Clean all parameters for all variants
Added Component: Designator=Q5(SOT523)
Add component. Clean all parameters for all variants
Added Component: Designator=Q6(SOT523)
Add component. Clean all parameters for all variants
Added Component: Designator=R15(0805)
Add component. Clean all parameters for all variants
Add component (AddParameter): Name = "LatestRevisionDate"; Value = "17-Jul-2002"; VariantName = "[No Variations]"
Add component (AddParameter): Name = "LatestRevisionNote"; Value = "Re-released for DXP Platform."; VariantName = "[No Variations]"
Add component (AddParameter): Name = "PackageDescription"; Value = "Axial Device, Thru-Hole; 2 Leads; 0.3 in Pin Spacing"; VariantName = "[No Variations]"
Add component (AddParameter): Name = "PackageReference"; Value = "AXIAL-0.3"; VariantName = "[No Variations]"
Add component (AddParameter): Name = "Published"; Value = "8-Jun-2000"; VariantName = "[No Variations]"
Add component (AddParameter): Name = "Publisher"; Value = "Altium Limited"; VariantName = "[No Variations]"
Add component (AddParameter): Name = "Value"; Value = "100"; VariantName = "[No Variations]"
Added Component: Designator=R16(0805)
Add component. Clean all parameters for all variants
Add component (AddParameter): Name = "LatestRevisionDate"; Value = "17-Jul-2002"; VariantName = "[No Variations]"
Add component (AddParameter): Name = "LatestRevisionNote"; Value = "Re-released for DXP Platform."; VariantName = "[No Variations]"
Add component (AddParameter): Name = "PackageDescription"; Value = "Axial Device, Thru-Hole; 2 Leads; 0.3 in Pin Spacing"; VariantName = "[No Variations]"
Add component (AddParameter): Name = "PackageReference"; Value = "AXIAL-0.3"; VariantName = "[No Variations]"
Add component (AddParameter): Name = "Published"; Value = "8-Jun-2000"; VariantName = "[No Variations]"
Add component (AddParameter): Name = "Publisher"; Value = "Altium Limited"; VariantName = "[No Variations]"
Add component (AddParameter): Name = "Value"; Value = "100"; VariantName = "[No Variations]"
Added Component: Designator=R17(0805)
Add component. Clean all parameters for all variants
Add component (AddParameter): Name = "LatestRevisionDate"; Value = "17-Jul-2002"; VariantName = "[No Variations]"
Add component (AddParameter): Name = "LatestRevisionNote"; Value = "Re-released for DXP Platform."; VariantName = "[No Variations]"
Add component (AddParameter): Name = "PackageDescription"; Value = "Axial Device, Thru-Hole; 2 Leads; 0.3 in Pin Spacing"; VariantName = "[No Variations]"
Add component (AddParameter): Name = "PackageReference"; Value = "AXIAL-0.3"; VariantName = "[No Variations]"
Add component (AddParameter): Name = "Published"; Value = "8-Jun-2000"; VariantName = "[No Variations]"
Add component (AddParameter): Name = "Publisher"; Value = "Altium Limited"; VariantName = "[No Variations]"
Add component (AddParameter): Name = "Value"; Value = "200"; VariantName = "[No Variations]"
Added Component: Designator=R18(0805)
Add component. Clean all parameters for all variants
Add component (AddParameter): Name = "LatestRevisionDate"; Value = "17-Jul-2002"; VariantName = "[No Variations]"
Add component (AddParameter): Name = "LatestRevisionNote"; Value = "Re-released for DXP Platform."; VariantName = "[No Variations]"
Add component (AddParameter): Name = "PackageDescription"; Value = "Axial Device, Thru-Hole; 2 Leads; 0.3 in Pin Spacing"; VariantName = "[No Variations]"
Add component (AddParameter): Name = "PackageReference"; Value = "AXIAL-0.3"; VariantName = "[No Variations]"
Add component (AddParameter): Name = "Published"; Value = "8-Jun-2000"; VariantName = "[No Variations]"
Add component (AddParameter): Name = "Publisher"; Value = "Altium Limited"; VariantName = "[No Variations]"
Add component (AddParameter): Name = "Value"; Value = "200"; VariantName = "[No Variations]"
Added Component: Designator=R41(0805)
Add component. Clean all parameters for all variants
Add component (AddParameter): Name = "LatestRevisionDate"; Value = "17-Jul-2002"; VariantName = "[No Variations]"
Add component (AddParameter): Name = "LatestRevisionNote"; Value = "Re-released for DXP Platform."; VariantName = "[No Variations]"
Add component (AddParameter): Name = "PackageDescription"; Value = "Axial Device, Thru-Hole; 2 Leads; 0.3 in Pin Spacing"; VariantName = "[No Variations]"
Add component (AddParameter): Name = "PackageReference"; Value = "AXIAL-0.3"; VariantName = "[No Variations]"
Add component (AddParameter): Name = "Published"; Value = "8-Jun-2000"; VariantName = "[No Variations]"
Add component (AddParameter): Name = "Publisher"; Value = "Altium Limited"; VariantName = "[No Variations]"
Add component (AddParameter): Name = "Value"; Value = "100k"; VariantName = "[No Variations]"
Added Component: Designator=R81(0805)
Add component. Clean all parameters for all variants
Add component (AddParameter): Name = "LatestRevisionDate"; Value = "17-Jul-2002"; VariantName = "[No Variations]"
Add component (AddParameter): Name = "LatestRevisionNote"; Value = "Re-released for DXP Platform."; VariantName = "[No Variations]"
Add component (AddParameter): Name = "PackageDescription"; Value = "Axial Device, Thru-Hole; 2 Leads; 0.3 in Pin Spacing"; VariantName = "[No Variations]"
Add component (AddParameter): Name = "PackageReference"; Value = "AXIAL-0.3"; VariantName = "[No Variations]"
Add component (AddParameter): Name = "Published"; Value = "8-Jun-2000"; VariantName = "[No Variations]"
Add component (AddParameter): Name = "Publisher"; Value = "Altium Limited"; VariantName = "[No Variations]"
Add component (AddParameter): Name = "Value"; Value = "1k"; VariantName = "[No Variations]"
Added Component: Designator=R82(0805)
Add component. Clean all parameters for all variants
Add component (AddParameter): Name = "LatestRevisionDate"; Value = "17-Jul-2002"; VariantName = "[No Variations]"
Add component (AddParameter): Name = "LatestRevisionNote"; Value = "Re-released for DXP Platform."; VariantName = "[No Variations]"
Add component (AddParameter): Name = "PackageDescription"; Value = "Axial Device, Thru-Hole; 2 Leads; 0.3 in Pin Spacing"; VariantName = "[No Variations]"
Add component (AddParameter): Name = "PackageReference"; Value = "AXIAL-0.3"; VariantName = "[No Variations]"
Add component (AddParameter): Name = "Published"; Value = "8-Jun-2000"; VariantName = "[No Variations]"
Add component (AddParameter): Name = "Publisher"; Value = "Altium Limited"; VariantName = "[No Variations]"
Add component (AddParameter): Name = "Value"; Value = "1k"; VariantName = "[No Variations]"
Added Component: Designator=R83(0805)
Add component. Clean all parameters for all variants
Add component (AddParameter): Name = "LatestRevisionDate"; Value = "17-Jul-2002"; VariantName = "[No Variations]"
Add component (AddParameter): Name = "LatestRevisionNote"; Value = "Re-released for DXP Platform."; VariantName = "[No Variations]"
Add component (AddParameter): Name = "PackageDescription"; Value = "Axial Device, Thru-Hole; 2 Leads; 0.3 in Pin Spacing"; VariantName = "[No Variations]"
Add component (AddParameter): Name = "PackageReference"; Value = "AXIAL-0.3"; VariantName = "[No Variations]"
Add component (AddParameter): Name = "Published"; Value = "8-Jun-2000"; VariantName = "[No Variations]"
Add component (AddParameter): Name = "Publisher"; Value = "Altium Limited"; VariantName = "[No Variations]"
Add component (AddParameter): Name = "Value"; Value = "1k"; VariantName = "[No Variations]"
Added Component: Designator=R84(0805)
Add component. Clean all parameters for all variants
Add component (AddParameter): Name = "LatestRevisionDate"; Value = "17-Jul-2002"; VariantName = "[No Variations]"
Add component (AddParameter): Name = "LatestRevisionNote"; Value = "Re-released for DXP Platform."; VariantName = "[No Variations]"
Add component (AddParameter): Name = "PackageDescription"; Value = "Axial Device, Thru-Hole; 2 Leads; 0.3 in Pin Spacing"; VariantName = "[No Variations]"
Add component (AddParameter): Name = "PackageReference"; Value = "AXIAL-0.3"; VariantName = "[No Variations]"
Add component (AddParameter): Name = "Published"; Value = "8-Jun-2000"; VariantName = "[No Variations]"
Add component (AddParameter): Name = "Publisher"; Value = "Altium Limited"; VariantName = "[No Variations]"
Add component (AddParameter): Name = "Value"; Value = "1k"; VariantName = "[No Variations]"
Added Component: Designator=R94(0805)
Add component. Clean all parameters for all variants
Add component (AddParameter): Name = "LatestRevisionDate"; Value = "17-Jul-2002"; VariantName = "[No Variations]"
Add component (AddParameter): Name = "LatestRevisionNote"; Value = "Re-released for DXP Platform."; VariantName = "[No Variations]"
Add component (AddParameter): Name = "PackageDescription"; Value = "Axial Device, Thru-Hole; 2 Leads; 0.3 in Pin Spacing"; VariantName = "[No Variations]"
Add component (AddParameter): Name = "PackageReference"; Value = "AXIAL-0.3"; VariantName = "[No Variations]"
Add component (AddParameter): Name = "Published"; Value = "8-Jun-2000"; VariantName = "[No Variations]"
Add component (AddParameter): Name = "Publisher"; Value = "Altium Limited"; VariantName = "[No Variations]"
Add component (AddParameter): Name = "Value"; Value = "1k"; VariantName = "[No Variations]"
Added Component: Designator=R95(0805)
Add component. Clean all parameters for all variants
Add component (AddParameter): Name = "LatestRevisionDate"; Value = "17-Jul-2002"; VariantName = "[No Variations]"
Add component (AddParameter): Name = "LatestRevisionNote"; Value = "Re-released for DXP Platform."; VariantName = "[No Variations]"
Add component (AddParameter): Name = "PackageDescription"; Value = "Axial Device, Thru-Hole; 2 Leads; 0.3 in Pin Spacing"; VariantName = "[No Variations]"
Add component (AddParameter): Name = "PackageReference"; Value = "AXIAL-0.3"; VariantName = "[No Variations]"
Add component (AddParameter): Name = "Published"; Value = "8-Jun-2000"; VariantName = "[No Variations]"
Add component (AddParameter): Name = "Publisher"; Value = "Altium Limited"; VariantName = "[No Variations]"
Add component (AddParameter): Name = "Value"; Value = "1k"; VariantName = "[No Variations]"
Added Component: Designator=R96(0805)
Add component. Clean all parameters for all variants
Add component (AddParameter): Name = "LatestRevisionDate"; Value = "17-Jul-2002"; VariantName = "[No Variations]"
Add component (AddParameter): Name = "LatestRevisionNote"; Value = "Re-released for DXP Platform."; VariantName = "[No Variations]"
Add component (AddParameter): Name = "PackageDescription"; Value = "Axial Device, Thru-Hole; 2 Leads; 0.3 in Pin Spacing"; VariantName = "[No Variations]"
Add component (AddParameter): Name = "PackageReference"; Value = "AXIAL-0.3"; VariantName = "[No Variations]"
Add component (AddParameter): Name = "Published"; Value = "8-Jun-2000"; VariantName = "[No Variations]"
Add component (AddParameter): Name = "Publisher"; Value = "Altium Limited"; VariantName = "[No Variations]"
Add component (AddParameter): Name = "Value"; Value = "10k"; VariantName = "[No Variations]"
Added Component: Designator=R97(0805)
Add component. Clean all parameters for all variants
Add component (AddParameter): Name = "LatestRevisionDate"; Value = "17-Jul-2002"; VariantName = "[No Variations]"
Add component (AddParameter): Name = "LatestRevisionNote"; Value = "Re-released for DXP Platform."; VariantName = "[No Variations]"
Add component (AddParameter): Name = "PackageDescription"; Value = "Axial Device, Thru-Hole; 2 Leads; 0.3 in Pin Spacing"; VariantName = "[No Variations]"
Add component (AddParameter): Name = "PackageReference"; Value = "AXIAL-0.3"; VariantName = "[No Variations]"
Add component (AddParameter): Name = "Published"; Value = "8-Jun-2000"; VariantName = "[No Variations]"
Add component (AddParameter): Name = "Publisher"; Value = "Altium Limited"; VariantName = "[No Variations]"
Add component (AddParameter): Name = "Value"; Value = "10k"; VariantName = "[No Variations]"
Added Pin To Net: NetName=+5V Pin=P6-2
Added Pin To Net: NetName=GND Pin=P6-3
Added Pin To Net: NetName=+3.3V Pin=P9-1
Added Pin To Net: NetName=GND Pin=P9-6
Added Pin To Net: NetName=GND Pin=P9-9
Added Pin To Net: NetName=GND Pin=P9-14
Added Pin To Net: NetName=+3.3V Pin=P9-17
Added Pin To Net: NetName=GND Pin=P9-20
Added Pin To Net: NetName=GND Pin=P9-25
Added Pin To Net: NetName=GND Pin=P9-30
Added Pin To Net: NetName=GND Pin=P9-34
Added Pin To Net: NetName=GND Pin=P9-39
Added Pin To Net: NetName=+5V Pin=Q1-3
Added Pin To Net: NetName=+3.3V Pin=Q3-1
Added Pin To Net: NetName=+3.3V Pin=Q4-1
Added Pin To Net: NetName=+3.3V Pin=Q5-1
Added Pin To Net: NetName=+3.3V Pin=Q6-1
Added Pin To Net: NetName=GND Pin=R17-1
Added Pin To Net: NetName=GND Pin=R18-1
Added Pin To Net: NetName=GND Pin=R41-1
Added Pin To Net: NetName=+3.3V Pin=R81-2
Added Pin To Net: NetName=+5V Pin=R82-2
Added Pin To Net: NetName=+3.3V Pin=R83-2
Added Pin To Net: NetName=+5V Pin=R84-2
Added Pin To Net: NetName=+3.3V Pin=R94-2
Added Pin To Net: NetName=+5V Pin=R95-2
Added Pin To Net: NetName=+3.3V Pin=R96-2
Added Pin To Net: NetName=+5V Pin=R97-2
Change Net Name : Old Net Name=NetC9_1 New Net Name=NetC8_1
Change Net Name : Old Net Name=NetC9_2 New Net Name=NetC8_2
Change Net Name : Old Net Name=NetC10_1 New Net Name=NetC9_1
Change Net Name : Old Net Name=NetC10_2 New Net Name=NetC9_2
Change Net Name : Old Net Name=NetC17_1 New Net Name=NetC13_1
Change Net Name : Old Net Name=NetC22_2 New Net Name=NetC18_2
Change Net Name : Old Net Name=NetC25_1 New Net Name=NetC26_1
Change Net Name : Old Net Name=NetC25_2 New Net Name=NetC26_2
Change Net Name : Old Net Name=NetC26_1 New Net Name=NetC27_1
Change Net Name : Old Net Name=NetC26_2 New Net Name=NetC27_2
Change Net Name : Old Net Name=NetC36_1 New Net Name=NetC37_1
Change Net Name : Old Net Name=NetC36_2 New Net Name=NetC37_2
Change Net Name : Old Net Name=NetC37_1 New Net Name=NetC38_1
Change Net Name : Old Net Name=NetC37_2 New Net Name=NetC38_2
Change Net Name : Old Net Name=NetC39_1 New Net Name=NetC41_1
Change Net Name : Old Net Name=NetC40_1 New Net Name=NetC42_1
Change Net Name : Old Net Name=NetC44_2 New Net Name=NetC46_2
Change Net Name : Old Net Name=NetC45_2 New Net Name=NetC47_2
Change Net Name : Old Net Name=NetC46_1 New Net Name=NetC48_1
Change Net Name : Old Net Name=NetC46_2 New Net Name=NetC48_2
Change Net Name : Old Net Name=NetC47_1 New Net Name=NetC49_1
Change Net Name : Old Net Name=NetC47_2 New Net Name=NetC49_2
Change Net Name : Old Net Name=NetC49_1 New Net Name=NetC51_1
Change Net Name : Old Net Name=NetC50_1 New Net Name=NetC52_1
Change Net Name : Old Net Name=NetC54_2 New Net Name=NetC56_2
Change Net Name : Old Net Name=NetC55_2 New Net Name=NetC57_2
Change Net Name : Old Net Name=NetP4_1 New Net Name=NetP8_1
Change Net Name : Old Net Name=NetR1_2 New Net Name=NetR3_2
Change Net Name : Old Net Name=NetR3_2 New Net Name=NetR8_2
Change Net Name : Old Net Name=NetR4_2 New Net Name=NetR9_2
Change Net Name : Old Net Name=NetR5_2 New Net Name=NetR10_2
Change Net Name : Old Net Name=NetR11_1 New Net Name=NetR1_1
Change Net Name : Old Net Name=NetR12_1 New Net Name=NetR2_1
Change Net Name : Old Net Name=NetR17_3 New Net Name=NetR6_3
Change Net Name : Old Net Name=NetR18_2 New Net Name=NetR19_2
Change Net Name : Old Net Name=NetR19_2 New Net Name=NetR20_2
Change Net Name : Old Net Name=NetR20_2 New Net Name=NetR21_2
Change Net Name : Old Net Name=NetR22_2 New Net Name=NetR23_2
Change Net Name : Old Net Name=NetR23_2 New Net Name=NetR24_2
Change Net Name : Old Net Name=NetR24_2 New Net Name=NetR25_2
Change Net Name : Old Net Name=NetR25_2 New Net Name=NetR26_2
Change Net Name : Old Net Name=NetR26_2 New Net Name=NetR27_2
Change Net Name : Old Net Name=NetR27_2 New Net Name=NetR28_2
Change Net Name : Old Net Name=NetR28_1 New Net Name=NetR29_1
Change Net Name : Old Net Name=NetR31_2 New Net Name=NetR32_2
Change Net Name : Old Net Name=NetR34_2 New Net Name=NetR35_2
Change Net Name : Old Net Name=NetR35_2 New Net Name=NetR36_2
Change Net Name : Old Net Name=NetR36_2 New Net Name=NetR37_2
Change Net Name : Old Net Name=NetR37_2 New Net Name=NetR38_2
Change Net Name : Old Net Name=NetR38_2 New Net Name=NetR39_2
Change Net Name : Old Net Name=NetR39_2 New Net Name=NetR40_2
Change Net Name : Old Net Name=NetR40_2 New Net Name=NetR42_2
Change Net Name : Old Net Name=NetR44_1 New Net Name=NetR46_1
Change Net Name : Old Net Name=NetR44_2 New Net Name=NetR46_2
Change Net Name : Old Net Name=NetR46_2 New Net Name=NetR50_2
Change Net Name : Old Net Name=NetR47_2 New Net Name=NetR51_2
Change Net Name : Old Net Name=NetR48_2 New Net Name=NetR52_2
Change Net Name : Old Net Name=NetR49_2 New Net Name=NetR53_2
Change Net Name : Old Net Name=NetR50_2 New Net Name=NetR54_2
Change Net Name : Old Net Name=NetR52_2 New Net Name=NetR56_2
Change Net Name : Old Net Name=NetR53_2 New Net Name=NetR57_2
Change Net Name : Old Net Name=NetR54_2 New Net Name=NetR58_2
Change Net Name : Old Net Name=NetR55_2 New Net Name=NetR59_2
Change Net Name : Old Net Name=NetR56_2 New Net Name=NetR60_2
Change Net Name : Old Net Name=NetR57_1 New Net Name=NetR61_1
Change Net Name : Old Net Name=NetR59_2 New Net Name=NetR63_2
Change Net Name : Old Net Name=NetR63_2 New Net Name=NetR68_2
Change Net Name : Old Net Name=NetR64_2 New Net Name=NetR69_2
Change Net Name : Old Net Name=NetR65_2 New Net Name=NetR70_2
Change Net Name : Old Net Name=NetR66_2 New Net Name=NetR71_2
Change Net Name : Old Net Name=NetR67_2 New Net Name=NetR72_2
Change Net Name : Old Net Name=NetR68_2 New Net Name=NetR73_2
Change Net Name : Old Net Name=NetR72_1 New Net Name=NetR77_1
Change Net Name : Old Net Name=NetR72_2 New Net Name=NetR77_2
Change Net Name : Old Net Name=NetR74_2 New Net Name=NetR85_2
Change Net Name : Old Net Name=NetR75_2 New Net Name=NetR86_2
Change Net Name : Old Net Name=NetR76_2 New Net Name=NetR87_2
Change Net Name : Old Net Name=NetR77_2 New Net Name=NetR88_2
Change Net Name : Old Net Name=NetR78_2 New Net Name=NetR89_2
Change Net Name : Old Net Name=NetR80_2 New Net Name=NetR91_2
Change Net Name : Old Net Name=NetR81_2 New Net Name=NetR92_2
Change Net Name : Old Net Name=NetR82_2 New Net Name=NetR93_2
Change Net Name : Old Net Name=NetR83_2 New Net Name=NetR98_2
Change Net Name : Old Net Name=NetR84_2 New Net Name=NetR99_2
Change Net Name : Old Net Name=NetR85_1 New Net Name=NetR100_1
Change Net Name : Old Net Name=NetR87_2 New Net Name=NetR102_2
Change Net Name : Old Net Name=NetR91_2 New Net Name=NetR106_2
Change Net Name : Old Net Name=NetR92_2 New Net Name=NetR107_2
Change Net Name : Old Net Name=NetR93_2 New Net Name=NetR108_2
Change Net Name : Old Net Name=NetR94_2 New Net Name=NetR109_2
Change Net Name : Old Net Name=NetR95_2 New Net Name=NetR110_2
Change Net Name : Old Net Name=NetR96_2 New Net Name=NetR111_2
Change Net Name : Old Net Name=NetR100_1 New Net Name=NetR115_1
Change Net Name : Old Net Name=NetR100_2 New Net Name=NetR115_2
Change Net Name : Old Net Name=NetU7_1 New Net Name=NetU14_1
Change Net Name : Old Net Name=NetU7_2 New Net Name=NetU14_2
Change Net Name : Old Net Name=TX_GPS_3.3 New Net Name=TX_GPS_3.3V
Change Net Name : Old Net Name=TX_GPS_5 New Net Name=TX_GPS_5V
Added Pin To Net: NetName=5V_RPi Pin=P9-2
Added Pin To Net: NetName=5V_RPi Pin=P9-4
Added Pin To Net: NetName=5V_RPi Pin=Q1-1
Added Net: Name=5V_RPi
Added Pin To Net: NetName=CS_3.3V Pin=P9-24
Added Pin To Net: NetName=CS_3.3V Pin=Q3-2
Added Pin To Net: NetName=CS_3.3V Pin=R81-1
Added Net: Name=CS_3.3V
Added Pin To Net: NetName=CS_5V Pin=Q3-3
Added Pin To Net: NetName=CS_5V Pin=R82-1
Added Pin To Net: NetName=CS_5V Pin=U6-4
Added Net: Name=CS_5V
Added Pin To Net: NetName=INT_FROM_PIC Pin=P9-11
Added Pin To Net: NetName=INT_FROM_PIC Pin=R15-1
Added Pin To Net: NetName=INT_FROM_PIC Pin=R17-2
Added Net: Name=INT_FROM_PIC
Added Pin To Net: NetName=LED_RPi_1 Pin=P9-32
Added Net: Name=LED_RPi_1
Added Pin To Net: NetName=LED_RPi_2 Pin=P9-36
Added Net: Name=LED_RPi_2
Added Pin To Net: NetName=MCLR Pin=P6-1
Added Pin To Net: NetName=MCLR Pin=P7-2
Added Pin To Net: NetName=MCLR Pin=U6-1
Added Net: Name=MCLR
Added Pin To Net: NetName=MISO_3.3V Pin=P9-21
Added Pin To Net: NetName=MISO_3.3V Pin=R16-1
Added Pin To Net: NetName=MISO_3.3V Pin=R18-2
Added Net: Name=MISO_3.3V
Added Pin To Net: NetName=MOSI_3.3V Pin=P9-19
Added Pin To Net: NetName=MOSI_3.3V Pin=Q4-2
Added Pin To Net: NetName=MOSI_3.3V Pin=R83-1
Added Net: Name=MOSI_3.3V
Added Pin To Net: NetName=MOSI_5V Pin=Q4-3
Added Pin To Net: NetName=MOSI_5V Pin=R84-1
Added Pin To Net: NetName=MOSI_5V Pin=U6-26
Added Net: Name=MOSI_5V
Added Pin To Net: NetName=NetR15_2 Pin=R15-2
Added Pin To Net: NetName=NetR15_2 Pin=U6-29
Added Net: Name=NetR15_2
Added Pin To Net: NetName=NetR16_2 Pin=R16-2
Added Pin To Net: NetName=NetR16_2 Pin=U6-25
Added Net: Name=NetR16_2
Added Pin To Net: NetName=PGC Pin=P6-5
Added Pin To Net: NetName=PGC Pin=R7-2
Added Pin To Net: NetName=PGC Pin=U6-8
Added Net: Name=PGC
Added Pin To Net: NetName=PGD Pin=P6-4
Added Pin To Net: NetName=PGD Pin=U6-9
Added Net: Name=PGD
Added Pin To Net: NetName=RESET_dsPIC_3.3V Pin=P9-38
Added Pin To Net: NetName=RESET_dsPIC_3.3V Pin=Q6-2
Added Pin To Net: NetName=RESET_dsPIC_3.3V Pin=R96-1
Added Net: Name=RESET_dsPIC_3.3V
Added Pin To Net: NetName=RESET_dsPIC_5V Pin=P7-1
Added Pin To Net: NetName=RESET_dsPIC_5V Pin=Q6-3
Added Pin To Net: NetName=RESET_dsPIC_5V Pin=R97-1
Added Net: Name=RESET_dsPIC_5V
Added Pin To Net: NetName=RESET_RPi Pin=Q1-2
Added Pin To Net: NetName=RESET_RPi Pin=R41-2
Added Pin To Net: NetName=RESET_RPi Pin=U6-30
Added Net: Name=RESET_RPi
Added Pin To Net: NetName=SCK_3.3V Pin=P9-23
Added Pin To Net: NetName=SCK_3.3V Pin=Q5-2
Added Pin To Net: NetName=SCK_3.3V Pin=R94-1
Added Net: Name=SCK_3.3V
Added Pin To Net: NetName=SCK_5V Pin=Q5-3
Added Pin To Net: NetName=SCK_5V Pin=R95-1
Added Pin To Net: NetName=SCK_5V Pin=U6-24
Added Net: Name=SCK_5V
Added Member To Class: ClassName=Digitalizador_RPi Member=Component P7 Jumper MCLR
Added Member To Class: ClassName=Digitalizador_RPi Member=Component P8 Molex LEDs
Added Member To Class: ClassName=Digitalizador_RPi Member=Component P9 RPI_Pins
Added Member To Class: ClassName=Digitalizador_RPi Member=Component Q2 2N7002T
Added Member To Class: ClassName=Digitalizador_RPi Member=Component Q3 2N7002T
Added Member To Class: ClassName=Digitalizador_RPi Member=Component Q4 2N7002T
Added Member To Class: ClassName=Digitalizador_RPi Member=Component Q5 2N7002T
Added Member To Class: ClassName=Digitalizador_RPi Member=Component Q6 2N7002T
Added Member To Class: ClassName=Digitalizador_RPi Member=Component R104 Res1
Added Member To Class: ClassName=Digitalizador_RPi Member=Component R105 Res1
Added Member To Class: ClassName=Digitalizador_RPi Member=Component R106 
Added Member To Class: ClassName=Digitalizador_RPi Member=Component R107 Res1
Added Member To Class: ClassName=Digitalizador_RPi Member=Component R108 
Added Member To Class: ClassName=Digitalizador_RPi Member=Component R109 
Added Member To Class: ClassName=Digitalizador_RPi Member=Component R110 
Added Member To Class: ClassName=Digitalizador_RPi Member=Component R111 
Added Member To Class: ClassName=Digitalizador_RPi Member=Component R112 Res1
Added Member To Class: ClassName=Digitalizador_RPi Member=Component R113 Res1
Added Member To Class: ClassName=Digitalizador_RPi Member=Component R114 Res1
Added Member To Class: ClassName=Digitalizador_RPi Member=Component R115 Res1
Added Member To Class: ClassName=Digitalizador_RPi Member=Component R116 Res1
Added Room: Name=Digitalizador_RPi
