Added Component: Designator=C1(Lenteja)
Add component. Clean all parameters for all variants
Added Component: Designator=C2(Lenteja)
Add component. Clean all parameters for all variants
Added Component: Designator=P1(SIP-1X16-F)
Add component. Clean all parameters for all variants
Add component (AddParameter): Name = "LatestRevisionDate"; Value = "17-Jul-2002"; VariantName = "[No Variations]"
Add component (AddParameter): Name = "LatestRevisionNote"; Value = "Re-released for DXP Platform."; VariantName = "[No Variations]"
Add component (AddParameter): Name = "Publisher"; Value = "Altium Limited"; VariantName = "[No Variations]"
Added Pin To Net: NetName=GND Pin=C1-1
Added Pin To Net: NetName=+2.5V Pin=C1-2
Added Pin To Net: NetName=GND Pin=C2-1
Added Pin To Net: NetName=-2.5V Pin=C2-2
Added Pin To Net: NetName=NetP1_1 Pin=P1-1
Added Pin To Net: NetName=NetP1_2 Pin=P1-2
Added Pin To Net: NetName=NetP1_3 Pin=P1-3
Added Pin To Net: NetName=NetP1_4 Pin=P1-4
Added Pin To Net: NetName=NetP1_5 Pin=P1-5
Added Pin To Net: NetName=NetP1_6 Pin=P1-6
Added Pin To Net: NetName=NetP1_7 Pin=P1-7
Added Pin To Net: NetName=NetP1_8 Pin=P1-8
Added Pin To Net: NetName=NetP1_9 Pin=P1-9
Added Pin To Net: NetName=NetP1_10 Pin=P1-10
Added Pin To Net: NetName=NetP1_11 Pin=P1-11
Added Pin To Net: NetName=NetP1_12 Pin=P1-12
Added Pin To Net: NetName=NetP1_13 Pin=P1-13
Added Pin To Net: NetName=NetP1_14 Pin=P1-14
Added Pin To Net: NetName=NetP1_15 Pin=P1-15
Added Pin To Net: NetName=NetP1_16 Pin=P1-16
Added Member To Class: ClassName=Digitalizador_RPi Member=Component C1 100nF
Added Member To Class: ClassName=Digitalizador_RPi Member=Component C2 100nF
Added Member To Class: ClassName=Digitalizador_RPi Member=Component P1 Header 16
Added Room: Name=Digitalizador_RPi
