Removed Pin From Net: NetName=NetP7_1 Pin=U7-4
Removed Pin From Net: NetName=NetP9_1 Pin=U10-4
Removed Pin From Net: NetName=NetP8_1 Pin=U11-8
Removed Pin From Net: NetName=NetP10_1 Pin=U14-8
Removed Member From Class: ClassName=Digitalizador_RPi Member=P12
Change Component Designator: OldDesignator=C3 NewDesignator=C5
Change Component Designator: OldDesignator=C4 NewDesignator=C7
Change Component Designator: OldDesignator=C5 NewDesignator=C8
Change Component Designator: OldDesignator=C6 NewDesignator=C9
Change Component Designator: OldDesignator=C7 NewDesignator=C10
Change Component Designator: OldDesignator=C8 NewDesignator=C16
Change Component Designator: OldDesignator=C9 NewDesignator=C17
Change Component Designator: OldDesignator=C10 NewDesignator=C18
Change Component Designator: OldDesignator=C11 NewDesignator=C19
Change Component Designator: OldDesignator=C12 NewDesignator=C20
Change Component Designator: OldDesignator=C13 NewDesignator=C21
Change Component Designator: OldDesignator=C14 NewDesignator=C22
Change Component Designator: OldDesignator=C15 NewDesignator=C23
Change Component Designator: OldDesignator=C16 NewDesignator=C24
Change Component Designator: OldDesignator=C17 NewDesignator=C25
Change Component Designator: OldDesignator=C18 NewDesignator=C26
Change Component Designator: OldDesignator=C19 NewDesignator=C27
Change Component Designator: OldDesignator=C20 NewDesignator=C28
Change Component Designator: OldDesignator=C21 NewDesignator=C29
Change Component Designator: OldDesignator=C22 NewDesignator=C30
Change Component Designator: OldDesignator=C23 NewDesignator=C31
Change Component Designator: OldDesignator=C24 NewDesignator=C32
Change Component Designator: OldDesignator=C25 NewDesignator=C33
Change Component Designator: OldDesignator=C26 NewDesignator=C34
Change Component Designator: OldDesignator=C27 NewDesignator=C35
Change Component Designator: OldDesignator=C28 NewDesignator=C36
Change Component Designator: OldDesignator=C29 NewDesignator=C37
Change Component Designator: OldDesignator=C30 NewDesignator=C38
Change Component Designator: OldDesignator=C31 NewDesignator=C39
Change Component Designator: OldDesignator=C32 NewDesignator=C40
Change Component Designator: OldDesignator=C33 NewDesignator=C41
Change Component Designator: OldDesignator=C34 NewDesignator=C42
Change Component Designator: OldDesignator=C35 NewDesignator=C43
Change Component Designator: OldDesignator=C36 NewDesignator=C44
Change Component Designator: OldDesignator=C37 NewDesignator=C45
Change Component Designator: OldDesignator=C38 NewDesignator=C46
Change Component Designator: OldDesignator=C39 NewDesignator=C47
Change Component Designator: OldDesignator=C40 NewDesignator=C48
Change Component Designator: OldDesignator=C41 NewDesignator=C49
Change Component Designator: OldDesignator=C42 NewDesignator=C50
Change Component Designator: OldDesignator=C43 NewDesignator=C51
Change Component Designator: OldDesignator=C44 NewDesignator=C52
Change Component Designator: OldDesignator=C45 NewDesignator=C53
Change Component Designator: OldDesignator=C46 NewDesignator=C54
Change Component Designator: OldDesignator=C47 NewDesignator=C55
Change Component Designator: OldDesignator=C48 NewDesignator=C3
Change Component Designator: OldDesignator=C49 NewDesignator=C6
Change Component Designator: OldDesignator=C50 NewDesignator=C12
Change Component Designator: OldDesignator=C51 NewDesignator=C13
Change Component Designator: OldDesignator=C52 NewDesignator=C14
Change Component Designator: OldDesignator=C53 NewDesignator=C15
Change Component Designator: OldDesignator=C54 NewDesignator=C4
Change Component Designator: OldDesignator=C55 NewDesignator=C11
Change Component Designator: OldDesignator=P4 NewDesignator=P5
Change Component Designator: OldDesignator=P5 NewDesignator=P6
Change Component Designator: OldDesignator=P12 NewDesignator=P4
Change Component Designator: OldDesignator=R1 NewDesignator=R11
Change Component Designator: OldDesignator=R2 NewDesignator=R12
Change Component Designator: OldDesignator=R3 NewDesignator=R13
Change Component Designator: OldDesignator=R4 NewDesignator=R14
Change Component Designator: OldDesignator=R5 NewDesignator=R17
Change Component Designator: OldDesignator=R6 NewDesignator=R21
Change Component Designator: OldDesignator=R7 NewDesignator=R28
Change Component Designator: OldDesignator=R8 NewDesignator=R29
Change Component Designator: OldDesignator=R9 NewDesignator=R30
Change Component Designator: OldDesignator=R10 NewDesignator=R32
Change Component Designator: OldDesignator=R11 NewDesignator=R33
Change Component Designator: OldDesignator=R12 NewDesignator=R35
Change Component Designator: OldDesignator=R13 NewDesignator=R41
Change Component Designator: OldDesignator=R14 NewDesignator=R42
Change Component Designator: OldDesignator=R15 NewDesignator=R43
Change Component Designator: OldDesignator=R16 NewDesignator=R44
Change Component Designator: OldDesignator=R17 NewDesignator=R45
Change Component Designator: OldDesignator=R18 NewDesignator=R46
Change Component Designator: OldDesignator=R19 NewDesignator=R47
Change Component Designator: OldDesignator=R20 NewDesignator=R48
Change Component Designator: OldDesignator=R21 NewDesignator=R49
Change Component Designator: OldDesignator=R22 NewDesignator=R50
Change Component Designator: OldDesignator=R23 NewDesignator=R51
Change Component Designator: OldDesignator=R24 NewDesignator=R52
Change Component Designator: OldDesignator=R25 NewDesignator=R53
Change Component Designator: OldDesignator=R26 NewDesignator=R54
Change Component Designator: OldDesignator=R27 NewDesignator=R55
Change Component Designator: OldDesignator=R28 NewDesignator=R56
Change Component Designator: OldDesignator=R29 NewDesignator=R57
Change Component Designator: OldDesignator=R30 NewDesignator=R58
Change Component Designator: OldDesignator=R31 NewDesignator=R59
Change Component Designator: OldDesignator=R32 NewDesignator=R60
Change Component Designator: OldDesignator=R33 NewDesignator=R61
Change Component Designator: OldDesignator=R34 NewDesignator=R62
Change Component Designator: OldDesignator=R35 NewDesignator=R63
Change Component Designator: OldDesignator=R36 NewDesignator=R64
Change Component Designator: OldDesignator=R37 NewDesignator=R65
Change Component Designator: OldDesignator=R38 NewDesignator=R66
Change Component Designator: OldDesignator=R39 NewDesignator=R67
Change Component Designator: OldDesignator=R40 NewDesignator=R68
Change Component Designator: OldDesignator=R41 NewDesignator=R69
Change Component Designator: OldDesignator=R42 NewDesignator=R1
Change Component Designator: OldDesignator=R43 NewDesignator=R2
Change Component Designator: OldDesignator=R44 NewDesignator=R3
Change Component Designator: OldDesignator=R45 NewDesignator=R4
Change Component Designator: OldDesignator=R46 NewDesignator=R5
Change Component Designator: OldDesignator=R47 NewDesignator=R6
Change Component Designator: OldDesignator=R48 NewDesignator=R7
Change Component Designator: OldDesignator=R49 NewDesignator=R8
Change Component Designator: OldDesignator=R50 NewDesignator=R9
Change Component Designator: OldDesignator=R51 NewDesignator=R10
Change Component Designator: OldDesignator=R52 NewDesignator=R15
Change Component Designator: OldDesignator=R53 NewDesignator=R16
Change Component Designator: OldDesignator=U4 NewDesignator=U5
Change Component Designator: OldDesignator=U5 NewDesignator=U6
Change Component Designator: OldDesignator=U6 NewDesignator=U8
Change Component Designator: OldDesignator=U7 NewDesignator=U9
Change Component Designator: OldDesignator=U8 NewDesignator=U10
Change Component Designator: OldDesignator=U9 NewDesignator=U11
Change Component Designator: OldDesignator=U10 NewDesignator=U12
Change Component Designator: OldDesignator=U11 NewDesignator=U13
Change Component Designator: OldDesignator=U12 NewDesignator=U14
Change Component Designator: OldDesignator=U13 NewDesignator=U15
Change Component Designator: OldDesignator=U14 NewDesignator=U16
Change Component Designator: OldDesignator=U15 NewDesignator=U17
Change Component Designator: OldDesignator=U16 NewDesignator=U4
Change Component Designator: OldDesignator=U17 NewDesignator=U7
Added Component: Designator=P7(SIP-1X16-F)
Add component. Clean all parameters for all variants
Add component (AddParameter): Name = "LatestRevisionDate"; Value = "17-Jul-2002"; VariantName = "[No Variations]"
Add component (AddParameter): Name = "LatestRevisionNote"; Value = "Re-released for DXP Platform."; VariantName = "[No Variations]"
Add component (AddParameter): Name = "Publisher"; Value = "Altium Limited"; VariantName = "[No Variations]"
Added Component: Designator=P8(SIP-1X16-F)
Add component. Clean all parameters for all variants
Add component (AddParameter): Name = "LatestRevisionDate"; Value = "17-Jul-2002"; VariantName = "[No Variations]"
Add component (AddParameter): Name = "LatestRevisionNote"; Value = "Re-released for DXP Platform."; VariantName = "[No Variations]"
Add component (AddParameter): Name = "Publisher"; Value = "Altium Limited"; VariantName = "[No Variations]"
Added Component: Designator=P9(SIP-1X16-F)
Add component. Clean all parameters for all variants
Add component (AddParameter): Name = "LatestRevisionDate"; Value = "17-Jul-2002"; VariantName = "[No Variations]"
Add component (AddParameter): Name = "LatestRevisionNote"; Value = "Re-released for DXP Platform."; VariantName = "[No Variations]"
Add component (AddParameter): Name = "Publisher"; Value = "Altium Limited"; VariantName = "[No Variations]"
Added Component: Designator=P10(SIP-1X16-F)
Add component. Clean all parameters for all variants
Add component (AddParameter): Name = "LatestRevisionDate"; Value = "17-Jul-2002"; VariantName = "[No Variations]"
Add component (AddParameter): Name = "LatestRevisionNote"; Value = "Re-released for DXP Platform."; VariantName = "[No Variations]"
Add component (AddParameter): Name = "Publisher"; Value = "Altium Limited"; VariantName = "[No Variations]"
Added Component: Designator=R18(0805)
Add component. Clean all parameters for all variants
Add component (AddParameter): Name = "LatestRevisionDate"; Value = "17-Jul-2002"; VariantName = "[No Variations]"
Add component (AddParameter): Name = "LatestRevisionNote"; Value = "Re-released for DXP Platform."; VariantName = "[No Variations]"
Add component (AddParameter): Name = "PackageDescription"; Value = "Axial Device, Thru-Hole; 2 Leads; 0.3 in Pin Spacing"; VariantName = "[No Variations]"
Add component (AddParameter): Name = "PackageReference"; Value = "AXIAL-0.3"; VariantName = "[No Variations]"
Add component (AddParameter): Name = "Published"; Value = "8-Jun-2000"; VariantName = "[No Variations]"
Add component (AddParameter): Name = "Publisher"; Value = "Altium Limited"; VariantName = "[No Variations]"
Add component (AddParameter): Name = "Value"; Value = "R1"; VariantName = "[No Variations]"
Added Component: Designator=R19(0805)
Add component. Clean all parameters for all variants
Add component (AddParameter): Name = "LatestRevisionDate"; Value = "17-Jul-2002"; VariantName = "[No Variations]"
Add component (AddParameter): Name = "LatestRevisionNote"; Value = "Re-released for DXP Platform."; VariantName = "[No Variations]"
Add component (AddParameter): Name = "PackageDescription"; Value = "Axial Device, Thru-Hole; 2 Leads; 0.3 in Pin Spacing"; VariantName = "[No Variations]"
Add component (AddParameter): Name = "PackageReference"; Value = "AXIAL-0.3"; VariantName = "[No Variations]"
Add component (AddParameter): Name = "Published"; Value = "8-Jun-2000"; VariantName = "[No Variations]"
Add component (AddParameter): Name = "Publisher"; Value = "Altium Limited"; VariantName = "[No Variations]"
Add component (AddParameter): Name = "Value"; Value = "R2"; VariantName = "[No Variations]"
Added Component: Designator=R20(0805)
Add component. Clean all parameters for all variants
Add component (AddParameter): Name = "LatestRevisionDate"; Value = "17-Jul-2002"; VariantName = "[No Variations]"
Add component (AddParameter): Name = "LatestRevisionNote"; Value = "Re-released for DXP Platform."; VariantName = "[No Variations]"
Add component (AddParameter): Name = "PackageDescription"; Value = "Axial Device, Thru-Hole; 2 Leads; 0.3 in Pin Spacing"; VariantName = "[No Variations]"
Add component (AddParameter): Name = "PackageReference"; Value = "AXIAL-0.3"; VariantName = "[No Variations]"
Add component (AddParameter): Name = "Published"; Value = "8-Jun-2000"; VariantName = "[No Variations]"
Add component (AddParameter): Name = "Publisher"; Value = "Altium Limited"; VariantName = "[No Variations]"
Add component (AddParameter): Name = "Value"; Value = "R3"; VariantName = "[No Variations]"
Added Component: Designator=R22(0805)
Add component. Clean all parameters for all variants
Add component (AddParameter): Name = "LatestRevisionDate"; Value = "17-Jul-2002"; VariantName = "[No Variations]"
Add component (AddParameter): Name = "LatestRevisionNote"; Value = "Re-released for DXP Platform."; VariantName = "[No Variations]"
Add component (AddParameter): Name = "PackageDescription"; Value = "Axial Device, Thru-Hole; 2 Leads; 0.3 in Pin Spacing"; VariantName = "[No Variations]"
Add component (AddParameter): Name = "PackageReference"; Value = "AXIAL-0.3"; VariantName = "[No Variations]"
Add component (AddParameter): Name = "Published"; Value = "8-Jun-2000"; VariantName = "[No Variations]"
Add component (AddParameter): Name = "Publisher"; Value = "Altium Limited"; VariantName = "[No Variations]"
Add component (AddParameter): Name = "Value"; Value = "R4"; VariantName = "[No Variations]"
Added Component: Designator=R23(0805)
Add component. Clean all parameters for all variants
Add component (AddParameter): Name = "LatestRevisionDate"; Value = "17-Jul-2002"; VariantName = "[No Variations]"
Add component (AddParameter): Name = "LatestRevisionNote"; Value = "Re-released for DXP Platform."; VariantName = "[No Variations]"
Add component (AddParameter): Name = "PackageDescription"; Value = "Axial Device, Thru-Hole; 2 Leads; 0.3 in Pin Spacing"; VariantName = "[No Variations]"
Add component (AddParameter): Name = "PackageReference"; Value = "AXIAL-0.3"; VariantName = "[No Variations]"
Add component (AddParameter): Name = "Published"; Value = "8-Jun-2000"; VariantName = "[No Variations]"
Add component (AddParameter): Name = "Publisher"; Value = "Altium Limited"; VariantName = "[No Variations]"
Add component (AddParameter): Name = "Value"; Value = "R5"; VariantName = "[No Variations]"
Added Component: Designator=R24(0805)
Add component. Clean all parameters for all variants
Add component (AddParameter): Name = "LatestRevisionDate"; Value = "17-Jul-2002"; VariantName = "[No Variations]"
Add component (AddParameter): Name = "LatestRevisionNote"; Value = "Re-released for DXP Platform."; VariantName = "[No Variations]"
Add component (AddParameter): Name = "PackageDescription"; Value = "Axial Device, Thru-Hole; 2 Leads; 0.3 in Pin Spacing"; VariantName = "[No Variations]"
Add component (AddParameter): Name = "PackageReference"; Value = "AXIAL-0.3"; VariantName = "[No Variations]"
Add component (AddParameter): Name = "Published"; Value = "8-Jun-2000"; VariantName = "[No Variations]"
Add component (AddParameter): Name = "Publisher"; Value = "Altium Limited"; VariantName = "[No Variations]"
Add component (AddParameter): Name = "Value"; Value = "R6"; VariantName = "[No Variations]"
Added Component: Designator=R25(0805)
Add component. Clean all parameters for all variants
Add component (AddParameter): Name = "LatestRevisionDate"; Value = "17-Jul-2002"; VariantName = "[No Variations]"
Add component (AddParameter): Name = "LatestRevisionNote"; Value = "Re-released for DXP Platform."; VariantName = "[No Variations]"
Add component (AddParameter): Name = "PackageDescription"; Value = "Axial Device, Thru-Hole; 2 Leads; 0.3 in Pin Spacing"; VariantName = "[No Variations]"
Add component (AddParameter): Name = "PackageReference"; Value = "AXIAL-0.3"; VariantName = "[No Variations]"
Add component (AddParameter): Name = "Published"; Value = "8-Jun-2000"; VariantName = "[No Variations]"
Add component (AddParameter): Name = "Publisher"; Value = "Altium Limited"; VariantName = "[No Variations]"
Add component (AddParameter): Name = "Value"; Value = "R7"; VariantName = "[No Variations]"
Added Component: Designator=R26(0805)
Add component. Clean all parameters for all variants
Add component (AddParameter): Name = "LatestRevisionDate"; Value = "17-Jul-2002"; VariantName = "[No Variations]"
Add component (AddParameter): Name = "LatestRevisionNote"; Value = "Re-released for DXP Platform."; VariantName = "[No Variations]"
Add component (AddParameter): Name = "PackageDescription"; Value = "Axial Device, Thru-Hole; 2 Leads; 0.3 in Pin Spacing"; VariantName = "[No Variations]"
Add component (AddParameter): Name = "PackageReference"; Value = "AXIAL-0.3"; VariantName = "[No Variations]"
Add component (AddParameter): Name = "Published"; Value = "8-Jun-2000"; VariantName = "[No Variations]"
Add component (AddParameter): Name = "Publisher"; Value = "Altium Limited"; VariantName = "[No Variations]"
Add component (AddParameter): Name = "Value"; Value = "R8"; VariantName = "[No Variations]"
Added Component: Designator=R27(0805)
Add component. Clean all parameters for all variants
Add component (AddParameter): Name = "LatestRevisionDate"; Value = "17-Jul-2002"; VariantName = "[No Variations]"
Add component (AddParameter): Name = "LatestRevisionNote"; Value = "Re-released for DXP Platform."; VariantName = "[No Variations]"
Add component (AddParameter): Name = "PackageDescription"; Value = "Axial Device, Thru-Hole; 2 Leads; 0.3 in Pin Spacing"; VariantName = "[No Variations]"
Add component (AddParameter): Name = "PackageReference"; Value = "AXIAL-0.3"; VariantName = "[No Variations]"
Add component (AddParameter): Name = "Published"; Value = "8-Jun-2000"; VariantName = "[No Variations]"
Add component (AddParameter): Name = "Publisher"; Value = "Altium Limited"; VariantName = "[No Variations]"
Add component (AddParameter): Name = "Value"; Value = "R9"; VariantName = "[No Variations]"
Added Component: Designator=R31(0805)
Add component. Clean all parameters for all variants
Add component (AddParameter): Name = "LatestRevisionDate"; Value = "17-Jul-2002"; VariantName = "[No Variations]"
Add component (AddParameter): Name = "LatestRevisionNote"; Value = "Re-released for DXP Platform."; VariantName = "[No Variations]"
Add component (AddParameter): Name = "PackageDescription"; Value = "Axial Device, Thru-Hole; 2 Leads; 0.3 in Pin Spacing"; VariantName = "[No Variations]"
Add component (AddParameter): Name = "PackageReference"; Value = "AXIAL-0.3"; VariantName = "[No Variations]"
Add component (AddParameter): Name = "Published"; Value = "8-Jun-2000"; VariantName = "[No Variations]"
Add component (AddParameter): Name = "Publisher"; Value = "Altium Limited"; VariantName = "[No Variations]"
Add component (AddParameter): Name = "Value"; Value = "R10"; VariantName = "[No Variations]"
Added Component: Designator=R34(0805)
Add component. Clean all parameters for all variants
Add component (AddParameter): Name = "LatestRevisionDate"; Value = "17-Jul-2002"; VariantName = "[No Variations]"
Add component (AddParameter): Name = "LatestRevisionNote"; Value = "Re-released for DXP Platform."; VariantName = "[No Variations]"
Add component (AddParameter): Name = "PackageDescription"; Value = "Axial Device, Thru-Hole; 2 Leads; 0.3 in Pin Spacing"; VariantName = "[No Variations]"
Add component (AddParameter): Name = "PackageReference"; Value = "AXIAL-0.3"; VariantName = "[No Variations]"
Add component (AddParameter): Name = "Published"; Value = "8-Jun-2000"; VariantName = "[No Variations]"
Add component (AddParameter): Name = "Publisher"; Value = "Altium Limited"; VariantName = "[No Variations]"
Add component (AddParameter): Name = "Value"; Value = "R11"; VariantName = "[No Variations]"
Added Component: Designator=R36(0805)
Add component. Clean all parameters for all variants
Add component (AddParameter): Name = "LatestRevisionDate"; Value = "17-Jul-2002"; VariantName = "[No Variations]"
Add component (AddParameter): Name = "LatestRevisionNote"; Value = "Re-released for DXP Platform."; VariantName = "[No Variations]"
Add component (AddParameter): Name = "PackageDescription"; Value = "Axial Device, Thru-Hole; 2 Leads; 0.3 in Pin Spacing"; VariantName = "[No Variations]"
Add component (AddParameter): Name = "PackageReference"; Value = "AXIAL-0.3"; VariantName = "[No Variations]"
Add component (AddParameter): Name = "Published"; Value = "8-Jun-2000"; VariantName = "[No Variations]"
Add component (AddParameter): Name = "Publisher"; Value = "Altium Limited"; VariantName = "[No Variations]"
Add component (AddParameter): Name = "Value"; Value = "R12"; VariantName = "[No Variations]"
Added Component: Designator=R37(0805)
Add component. Clean all parameters for all variants
Add component (AddParameter): Name = "LatestRevisionDate"; Value = "17-Jul-2002"; VariantName = "[No Variations]"
Add component (AddParameter): Name = "LatestRevisionNote"; Value = "Re-released for DXP Platform."; VariantName = "[No Variations]"
Add component (AddParameter): Name = "PackageDescription"; Value = "Axial Device, Thru-Hole; 2 Leads; 0.3 in Pin Spacing"; VariantName = "[No Variations]"
Add component (AddParameter): Name = "PackageReference"; Value = "AXIAL-0.3"; VariantName = "[No Variations]"
Add component (AddParameter): Name = "Published"; Value = "8-Jun-2000"; VariantName = "[No Variations]"
Add component (AddParameter): Name = "Publisher"; Value = "Altium Limited"; VariantName = "[No Variations]"
Add component (AddParameter): Name = "Value"; Value = "R13"; VariantName = "[No Variations]"
Added Component: Designator=R38(0805)
Add component. Clean all parameters for all variants
Add component (AddParameter): Name = "LatestRevisionDate"; Value = "17-Jul-2002"; VariantName = "[No Variations]"
Add component (AddParameter): Name = "LatestRevisionNote"; Value = "Re-released for DXP Platform."; VariantName = "[No Variations]"
Add component (AddParameter): Name = "PackageDescription"; Value = "Axial Device, Thru-Hole; 2 Leads; 0.3 in Pin Spacing"; VariantName = "[No Variations]"
Add component (AddParameter): Name = "PackageReference"; Value = "AXIAL-0.3"; VariantName = "[No Variations]"
Add component (AddParameter): Name = "Published"; Value = "8-Jun-2000"; VariantName = "[No Variations]"
Add component (AddParameter): Name = "Publisher"; Value = "Altium Limited"; VariantName = "[No Variations]"
Add component (AddParameter): Name = "Value"; Value = "R14"; VariantName = "[No Variations]"
Added Component: Designator=R39(0805)
Add component. Clean all parameters for all variants
Add component (AddParameter): Name = "LatestRevisionDate"; Value = "17-Jul-2002"; VariantName = "[No Variations]"
Add component (AddParameter): Name = "LatestRevisionNote"; Value = "Re-released for DXP Platform."; VariantName = "[No Variations]"
Add component (AddParameter): Name = "PackageDescription"; Value = "Axial Device, Thru-Hole; 2 Leads; 0.3 in Pin Spacing"; VariantName = "[No Variations]"
Add component (AddParameter): Name = "PackageReference"; Value = "AXIAL-0.3"; VariantName = "[No Variations]"
Add component (AddParameter): Name = "Published"; Value = "8-Jun-2000"; VariantName = "[No Variations]"
Add component (AddParameter): Name = "Publisher"; Value = "Altium Limited"; VariantName = "[No Variations]"
Add component (AddParameter): Name = "Value"; Value = "R15"; VariantName = "[No Variations]"
Added Component: Designator=R40(0805)
Add component. Clean all parameters for all variants
Add component (AddParameter): Name = "LatestRevisionDate"; Value = "17-Jul-2002"; VariantName = "[No Variations]"
Add component (AddParameter): Name = "LatestRevisionNote"; Value = "Re-released for DXP Platform."; VariantName = "[No Variations]"
Add component (AddParameter): Name = "PackageDescription"; Value = "Axial Device, Thru-Hole; 2 Leads; 0.3 in Pin Spacing"; VariantName = "[No Variations]"
Add component (AddParameter): Name = "PackageReference"; Value = "AXIAL-0.3"; VariantName = "[No Variations]"
Add component (AddParameter): Name = "Published"; Value = "8-Jun-2000"; VariantName = "[No Variations]"
Add component (AddParameter): Name = "Publisher"; Value = "Altium Limited"; VariantName = "[No Variations]"
Add component (AddParameter): Name = "Value"; Value = "R16"; VariantName = "[No Variations]"
Added Pin To Net: NetName=NetP7_1 Pin=P7-1
Added Pin To Net: NetName=NetP7_1 Pin=P7-2
Added Pin To Net: NetName=NetP7_1 Pin=P7-3
Added Pin To Net: NetName=NetP7_1 Pin=P7-4
Added Pin To Net: NetName=NetP7_1 Pin=P7-5
Added Pin To Net: NetName=NetP7_1 Pin=P7-6
Added Pin To Net: NetName=NetP7_1 Pin=P7-7
Added Pin To Net: NetName=NetP7_1 Pin=P7-8
Added Pin To Net: NetName=NetP7_1 Pin=P7-9
Added Pin To Net: NetName=NetP7_1 Pin=P7-10
Added Pin To Net: NetName=NetP7_1 Pin=P7-11
Added Pin To Net: NetName=NetP7_1 Pin=P7-12
Added Pin To Net: NetName=NetP7_1 Pin=P7-13
Added Pin To Net: NetName=NetP7_1 Pin=P7-14
Added Pin To Net: NetName=NetP7_1 Pin=P7-15
Added Pin To Net: NetName=NetP7_1 Pin=P7-16
Added Pin To Net: NetName=NetP8_1 Pin=P8-1
Added Pin To Net: NetName=NetP9_1 Pin=P9-1
Added Pin To Net: NetName=NetP9_1 Pin=P9-2
Added Pin To Net: NetName=NetP9_1 Pin=P9-3
Added Pin To Net: NetName=NetP9_1 Pin=P9-4
Added Pin To Net: NetName=NetP9_1 Pin=P9-5
Added Pin To Net: NetName=NetP9_1 Pin=P9-6
Added Pin To Net: NetName=NetP9_1 Pin=P9-7
Added Pin To Net: NetName=NetP9_1 Pin=P9-8
Added Pin To Net: NetName=NetP9_1 Pin=P9-9
Added Pin To Net: NetName=NetP9_1 Pin=P9-10
Added Pin To Net: NetName=NetP9_1 Pin=P9-11
Added Pin To Net: NetName=NetP9_1 Pin=P9-12
Added Pin To Net: NetName=NetP9_1 Pin=P9-13
Added Pin To Net: NetName=NetP9_1 Pin=P9-14
Added Pin To Net: NetName=NetP9_1 Pin=P9-15
Added Pin To Net: NetName=NetP9_1 Pin=P9-16
Added Pin To Net: NetName=NetP10_1 Pin=P10-1
Added Pin To Net: NetName=NetP8_1 Pin=U12-4
Added Pin To Net: NetName=NetP7_1 Pin=U13-8
Added Pin To Net: NetName=NetP10_1 Pin=U15-4
Added Pin To Net: NetName=NetP9_1 Pin=U16-8
Change Net Name : Old Net Name=NetC6_1 New Net Name=NetC9_1
Change Net Name : Old Net Name=NetC6_2 New Net Name=NetC9_2
Change Net Name : Old Net Name=NetC7_1 New Net Name=NetC10_1
Change Net Name : Old Net Name=NetC7_2 New Net Name=NetC10_2
Change Net Name : Old Net Name=NetC9_1 New Net Name=NetC17_1
Change Net Name : Old Net Name=NetC14_2 New Net Name=NetC22_2
Change Net Name : Old Net Name=NetC17_1 New Net Name=NetC25_1
Change Net Name : Old Net Name=NetC17_2 New Net Name=NetC25_2
Change Net Name : Old Net Name=NetC18_1 New Net Name=NetC26_1
Change Net Name : Old Net Name=NetC18_2 New Net Name=NetC26_2
Change Net Name : Old Net Name=NetC21_1 New Net Name=NetC29_1
Change Net Name : Old Net Name=NetC22_1 New Net Name=NetC30_1
Change Net Name : Old Net Name=NetC26_2 New Net Name=NetC34_2
Change Net Name : Old Net Name=NetC27_2 New Net Name=NetC35_2
Change Net Name : Old Net Name=NetC28_1 New Net Name=NetC36_1
Change Net Name : Old Net Name=NetC28_2 New Net Name=NetC36_2
Change Net Name : Old Net Name=NetC29_1 New Net Name=NetC37_1
Change Net Name : Old Net Name=NetC29_2 New Net Name=NetC37_2
Change Net Name : Old Net Name=NetC31_1 New Net Name=NetC39_1
Change Net Name : Old Net Name=NetC32_1 New Net Name=NetC40_1
Change Net Name : Old Net Name=NetC36_2 New Net Name=NetC44_2
Change Net Name : Old Net Name=NetC37_2 New Net Name=NetC45_2
Change Net Name : Old Net Name=NetC38_1 New Net Name=NetC46_1
Change Net Name : Old Net Name=NetC38_2 New Net Name=NetC46_2
Change Net Name : Old Net Name=NetC39_1 New Net Name=NetC47_1
Change Net Name : Old Net Name=NetC39_2 New Net Name=NetC47_2
Change Net Name : Old Net Name=NetC41_1 New Net Name=NetC49_1
Change Net Name : Old Net Name=NetC42_1 New Net Name=NetC50_1
Change Net Name : Old Net Name=NetC46_2 New Net Name=NetC54_2
Change Net Name : Old Net Name=NetC47_2 New Net Name=NetC55_2
Change Net Name : Old Net Name=NetP12_1 New Net Name=NetP4_1
Change Net Name : Old Net Name=NetR1_1 New Net Name=NetR11_1
Change Net Name : Old Net Name=NetR2_1 New Net Name=NetR12_1
Change Net Name : Old Net Name=NetR5_3 New Net Name=NetR17_3
Change Net Name : Old Net Name=NetR7_1 New Net Name=NetR28_1
Change Net Name : Old Net Name=NetR12_2 New Net Name=NetR35_2
Change Net Name : Old Net Name=NetR16_1 New Net Name=NetR44_1
Change Net Name : Old Net Name=NetR16_2 New Net Name=NetR44_2
Change Net Name : Old Net Name=NetR19_1 New Net Name=NetR47_1
Change Net Name : Old Net Name=NetR24_2 New Net Name=NetR52_2
Change Net Name : Old Net Name=NetR28_1 New Net Name=NetR56_1
Change Net Name : Old Net Name=NetR28_2 New Net Name=NetR56_2
Change Net Name : Old Net Name=NetR31_1 New Net Name=NetR59_1
Change Net Name : Old Net Name=NetR36_2 New Net Name=NetR64_2
Change Net Name : Old Net Name=NetR40_1 New Net Name=NetR68_1
Change Net Name : Old Net Name=NetR40_2 New Net Name=NetR68_2
Change Net Name : Old Net Name=NetR42_2 New Net Name=NetR1_2
Change Net Name : Old Net Name=NetR43_2 New Net Name=NetR2_2
Change Net Name : Old Net Name=NetR44_2 New Net Name=NetR3_2
Change Net Name : Old Net Name=NetR45_2 New Net Name=NetR4_2
Change Net Name : Old Net Name=NetR46_2 New Net Name=NetR5_2
Change Net Name : Old Net Name=NetU17_1 New Net Name=NetU7_1
Change Net Name : Old Net Name=NetU17_2 New Net Name=NetU7_2
Added Pin To Net: NetName=NetP8_2 Pin=P8-2
Added Pin To Net: NetName=NetP8_2 Pin=U12-5
Added Net: Name=NetP8_2
Added Pin To Net: NetName=NetP8_3 Pin=P8-3
Added Pin To Net: NetName=NetP8_3 Pin=U12-6
Added Net: Name=NetP8_3
Added Pin To Net: NetName=NetP8_4 Pin=P8-4
Added Pin To Net: NetName=NetP8_4 Pin=U12-7
Added Net: Name=NetP8_4
Added Pin To Net: NetName=NetP8_5 Pin=P8-5
Added Pin To Net: NetName=NetP8_5 Pin=U12-8
Added Net: Name=NetP8_5
Added Pin To Net: NetName=NetP8_6 Pin=P8-6
Added Pin To Net: NetName=NetP8_6 Pin=U12-9
Added Net: Name=NetP8_6
Added Pin To Net: NetName=NetP8_7 Pin=P8-7
Added Pin To Net: NetName=NetP8_7 Pin=U12-10
Added Net: Name=NetP8_7
Added Pin To Net: NetName=NetP8_8 Pin=P8-8
Added Pin To Net: NetName=NetP8_8 Pin=U12-11
Added Net: Name=NetP8_8
Added Pin To Net: NetName=NetP8_9 Pin=P8-9
Added Pin To Net: NetName=NetP8_9 Pin=U12-26
Added Net: Name=NetP8_9
Added Pin To Net: NetName=NetP8_10 Pin=P8-10
Added Pin To Net: NetName=NetP8_10 Pin=U12-25
Added Net: Name=NetP8_10
Added Pin To Net: NetName=NetP8_11 Pin=P8-11
Added Pin To Net: NetName=NetP8_11 Pin=U12-24
Added Net: Name=NetP8_11
Added Pin To Net: NetName=NetP8_12 Pin=P8-12
Added Pin To Net: NetName=NetP8_12 Pin=U12-23
Added Net: Name=NetP8_12
Added Pin To Net: NetName=NetP8_13 Pin=P8-13
Added Pin To Net: NetName=NetP8_13 Pin=U12-22
Added Net: Name=NetP8_13
Added Pin To Net: NetName=NetP8_14 Pin=P8-14
Added Pin To Net: NetName=NetP8_14 Pin=U12-21
Added Net: Name=NetP8_14
Added Pin To Net: NetName=NetP8_15 Pin=P8-15
Added Pin To Net: NetName=NetP8_15 Pin=U12-20
Added Net: Name=NetP8_15
Added Pin To Net: NetName=NetP8_16 Pin=P8-16
Added Pin To Net: NetName=NetP8_16 Pin=U12-19
Added Net: Name=NetP8_16
Added Pin To Net: NetName=NetP10_2 Pin=P10-2
Added Pin To Net: NetName=NetP10_2 Pin=U15-5
Added Net: Name=NetP10_2
Added Pin To Net: NetName=NetP10_3 Pin=P10-3
Added Pin To Net: NetName=NetP10_3 Pin=U15-6
Added Net: Name=NetP10_3
Added Pin To Net: NetName=NetP10_4 Pin=P10-4
Added Pin To Net: NetName=NetP10_4 Pin=U15-7
Added Net: Name=NetP10_4
Added Pin To Net: NetName=NetP10_5 Pin=P10-5
Added Pin To Net: NetName=NetP10_5 Pin=U15-8
Added Net: Name=NetP10_5
Added Pin To Net: NetName=NetP10_6 Pin=P10-6
Added Pin To Net: NetName=NetP10_6 Pin=U15-9
Added Net: Name=NetP10_6
Added Pin To Net: NetName=NetP10_7 Pin=P10-7
Added Pin To Net: NetName=NetP10_7 Pin=U15-10
Added Net: Name=NetP10_7
Added Pin To Net: NetName=NetP10_8 Pin=P10-8
Added Pin To Net: NetName=NetP10_8 Pin=U15-11
Added Net: Name=NetP10_8
Added Pin To Net: NetName=NetP10_9 Pin=P10-9
Added Pin To Net: NetName=NetP10_9 Pin=U15-26
Added Net: Name=NetP10_9
Added Pin To Net: NetName=NetP10_10 Pin=P10-10
Added Pin To Net: NetName=NetP10_10 Pin=U15-25
Added Net: Name=NetP10_10
Added Pin To Net: NetName=NetP10_11 Pin=P10-11
Added Pin To Net: NetName=NetP10_11 Pin=U15-24
Added Net: Name=NetP10_11
Added Pin To Net: NetName=NetP10_12 Pin=P10-12
Added Pin To Net: NetName=NetP10_12 Pin=U15-23
Added Net: Name=NetP10_12
Added Pin To Net: NetName=NetP10_13 Pin=P10-13
Added Pin To Net: NetName=NetP10_13 Pin=U15-22
Added Net: Name=NetP10_13
Added Pin To Net: NetName=NetP10_14 Pin=P10-14
Added Pin To Net: NetName=NetP10_14 Pin=U15-21
Added Net: Name=NetP10_14
Added Pin To Net: NetName=NetP10_15 Pin=P10-15
Added Pin To Net: NetName=NetP10_15 Pin=U15-20
Added Net: Name=NetP10_15
Added Pin To Net: NetName=NetP10_16 Pin=P10-16
Added Pin To Net: NetName=NetP10_16 Pin=U15-19
Added Net: Name=NetP10_16
Added Pin To Net: NetName=NetR18_2 Pin=R18-2
Added Pin To Net: NetName=NetR18_2 Pin=U9-19
Added Net: Name=NetR18_2
Added Pin To Net: NetName=NetR19_2 Pin=R19-2
Added Pin To Net: NetName=NetR19_2 Pin=U9-20
Added Net: Name=NetR19_2
Added Pin To Net: NetName=NetR20_2 Pin=R20-2
Added Pin To Net: NetName=NetR20_2 Pin=U9-21
Added Net: Name=NetR20_2
Added Pin To Net: NetName=NetR22_2 Pin=R22-2
Added Pin To Net: NetName=NetR22_2 Pin=U9-22
Added Net: Name=NetR22_2
Added Pin To Net: NetName=NetR23_2 Pin=R23-2
Added Pin To Net: NetName=NetR23_2 Pin=U9-23
Added Net: Name=NetR23_2
Added Pin To Net: NetName=NetR24_2 Pin=R24-2
Added Pin To Net: NetName=NetR24_2 Pin=U9-24
Added Net: Name=NetR24_2
Added Pin To Net: NetName=NetR25_2 Pin=R25-2
Added Pin To Net: NetName=NetR25_2 Pin=U9-25
Added Net: Name=NetR25_2
Added Pin To Net: NetName=NetR26_2 Pin=R26-2
Added Pin To Net: NetName=NetR26_2 Pin=U9-26
Added Net: Name=NetR26_2
Added Pin To Net: NetName=NetR27_2 Pin=R27-2
Added Pin To Net: NetName=NetR27_2 Pin=U9-11
Added Net: Name=NetR27_2
Added Pin To Net: NetName=NetR31_2 Pin=R31-2
Added Pin To Net: NetName=NetR31_2 Pin=U9-10
Added Net: Name=NetR31_2
Added Pin To Net: NetName=NetR34_2 Pin=R34-2
Added Pin To Net: NetName=NetR34_2 Pin=U9-9
Added Net: Name=NetR34_2
Added Pin To Net: NetName=NetR36_2 Pin=R36-2
Added Pin To Net: NetName=NetR36_2 Pin=U9-8
Added Net: Name=NetR36_2
Added Pin To Net: NetName=NetR37_2 Pin=R37-2
Added Pin To Net: NetName=NetR37_2 Pin=U9-7
Added Net: Name=NetR37_2
Added Pin To Net: NetName=NetR38_2 Pin=R38-2
Added Pin To Net: NetName=NetR38_2 Pin=U9-6
Added Net: Name=NetR38_2
Added Pin To Net: NetName=NetR39_2 Pin=R39-2
Added Pin To Net: NetName=NetR39_2 Pin=U9-5
Added Net: Name=NetR39_2
Added Pin To Net: NetName=NetR40_2 Pin=R40-2
Added Pin To Net: NetName=NetR40_2 Pin=U9-4
Added Net: Name=NetR40_2
Added Pin To Net: NetName=RES1B Pin=R18-1
Added Pin To Net: NetName=RES1B Pin=R19-1
Added Pin To Net: NetName=RES1B Pin=R20-1
Added Pin To Net: NetName=RES1B Pin=R22-1
Added Pin To Net: NetName=RES1B Pin=R23-1
Added Pin To Net: NetName=RES1B Pin=R24-1
Added Pin To Net: NetName=RES1B Pin=R25-1
Added Pin To Net: NetName=RES1B Pin=R26-1
Added Pin To Net: NetName=RES1B Pin=R27-1
Added Pin To Net: NetName=RES1B Pin=R31-1
Added Pin To Net: NetName=RES1B Pin=R34-1
Added Pin To Net: NetName=RES1B Pin=R36-1
Added Pin To Net: NetName=RES1B Pin=R37-1
Added Pin To Net: NetName=RES1B Pin=R38-1
Added Pin To Net: NetName=RES1B Pin=R39-1
Added Pin To Net: NetName=RES1B Pin=R40-1
Added Pin To Net: NetName=RES1B Pin=U10-8
Added Net: Name=RES1B
Added Member To Class: ClassName=Digitalizador_RPi Member=Component P6 Molex Alim Geofono
Added Member To Class: ClassName=Digitalizador_RPi Member=Component P7 Header 16
Added Member To Class: ClassName=Digitalizador_RPi Member=Component P8 Header 16
Added Member To Class: ClassName=Digitalizador_RPi Member=Component P9 Header 16
Added Member To Class: ClassName=Digitalizador_RPi Member=Component P10 Header 16
Added Member To Class: ClassName=Digitalizador_RPi Member=Component R54 Res1
Added Member To Class: ClassName=Digitalizador_RPi Member=Component R55 Res1
Added Member To Class: ClassName=Digitalizador_RPi Member=Component R56 Res1
Added Member To Class: ClassName=Digitalizador_RPi Member=Component R57 Res1
Added Member To Class: ClassName=Digitalizador_RPi Member=Component R58 Res1
Added Member To Class: ClassName=Digitalizador_RPi Member=Component R59 Res1
Added Member To Class: ClassName=Digitalizador_RPi Member=Component R60 Res1
Added Member To Class: ClassName=Digitalizador_RPi Member=Component R61 Res1
Added Member To Class: ClassName=Digitalizador_RPi Member=Component R62 Res1
Added Member To Class: ClassName=Digitalizador_RPi Member=Component R63 Res1
Added Member To Class: ClassName=Digitalizador_RPi Member=Component R64 Res1
Added Member To Class: ClassName=Digitalizador_RPi Member=Component R65 Res1
Added Member To Class: ClassName=Digitalizador_RPi Member=Component R66 Res1
Added Member To Class: ClassName=Digitalizador_RPi Member=Component R67 Res1
Added Member To Class: ClassName=Digitalizador_RPi Member=Component R68 Res1
Added Member To Class: ClassName=Digitalizador_RPi Member=Component R69 Res1
Added Room: Name=Digitalizador_RPi
