Removed Pin From Net: NetName=NetP8_1 Pin=P8-1
Removed Pin From Net: NetName=5V_RPi Pin=Q1-1
Removed Pin From Net: NetName=NetP8_1 Pin=R65-1
Removed Pin From Net: NetName=+5V Pin=R65-2
Change Component Designator: OldDesignator=C3 NewDesignator=C4
Change Component Designator: OldDesignator=C4 NewDesignator=C5
Change Component Designator: OldDesignator=C5 NewDesignator=C6
Change Component Designator: OldDesignator=C6 NewDesignator=C7
Change Component Designator: OldDesignator=C7 NewDesignator=C8
Change Component Designator: OldDesignator=C8 NewDesignator=C9
Change Component Designator: OldDesignator=C9 NewDesignator=C10
Change Component Designator: OldDesignator=C10 NewDesignator=C3
Change Component Designator: OldDesignator=C12 NewDesignator=C16
Change Component Designator: OldDesignator=C13 NewDesignator=C17
Change Component Designator: OldDesignator=C14 NewDesignator=C18
Change Component Designator: OldDesignator=C15 NewDesignator=C19
Change Component Designator: OldDesignator=C16 NewDesignator=C20
Change Component Designator: OldDesignator=C17 NewDesignator=C21
Change Component Designator: OldDesignator=C18 NewDesignator=C22
Change Component Designator: OldDesignator=C19 NewDesignator=C23
Change Component Designator: OldDesignator=C20 NewDesignator=C24
Change Component Designator: OldDesignator=C21 NewDesignator=C12
Change Component Designator: OldDesignator=C22 NewDesignator=C13
Change Component Designator: OldDesignator=C23 NewDesignator=C14
Change Component Designator: OldDesignator=C24 NewDesignator=C15
Change Component Designator: OldDesignator=C48 NewDesignator=C52
Change Component Designator: OldDesignator=C49 NewDesignator=C53
Change Component Designator: OldDesignator=C50 NewDesignator=C54
Change Component Designator: OldDesignator=C51 NewDesignator=C55
Change Component Designator: OldDesignator=C52 NewDesignator=C56
Change Component Designator: OldDesignator=C53 NewDesignator=C57
Change Component Designator: OldDesignator=C54 NewDesignator=C58
Change Component Designator: OldDesignator=C55 NewDesignator=C59
Change Component Designator: OldDesignator=C56 NewDesignator=C60
Change Component Designator: OldDesignator=C57 NewDesignator=C61
Change Component Designator: OldDesignator=P2 NewDesignator=P3
Change Component Designator: OldDesignator=P3 NewDesignator=P4
Change Component Designator: OldDesignator=P4 NewDesignator=P6
Change Component Designator: OldDesignator=P5 NewDesignator=P7
Change Component Designator: OldDesignator=P6 NewDesignator=P9
Change Component Designator: OldDesignator=P7 NewDesignator=P10
Change Component Designator: OldDesignator=P8 NewDesignator=P5
Change Component Designator: OldDesignator=P9 NewDesignator=P12
Change Component Designator: OldDesignator=R1 NewDesignator=R6
Change Component Designator: OldDesignator=R2 NewDesignator=R7
Change Component Designator: OldDesignator=R4 NewDesignator=R8
Change Component Designator: OldDesignator=R5 NewDesignator=R9
Change Component Designator: OldDesignator=R6 NewDesignator=R15
Change Component Designator: OldDesignator=R7 NewDesignator=R2
Change Component Designator: OldDesignator=R8 NewDesignator=R3
Change Component Designator: OldDesignator=R9 NewDesignator=R4
Change Component Designator: OldDesignator=R10 NewDesignator=R5
Change Component Designator: OldDesignator=R15 NewDesignator=R16
Change Component Designator: OldDesignator=R16 NewDesignator=R17
Change Component Designator: OldDesignator=R17 NewDesignator=R18
Change Component Designator: OldDesignator=R18 NewDesignator=R19
Change Component Designator: OldDesignator=R19 NewDesignator=R20
Change Component Designator: OldDesignator=R20 NewDesignator=R21
Change Component Designator: OldDesignator=R21 NewDesignator=R22
Change Component Designator: OldDesignator=R22 NewDesignator=R23
Change Component Designator: OldDesignator=R23 NewDesignator=R24
Change Component Designator: OldDesignator=R24 NewDesignator=R25
Change Component Designator: OldDesignator=R25 NewDesignator=R27
Change Component Designator: OldDesignator=R26 NewDesignator=R28
Change Component Designator: OldDesignator=R27 NewDesignator=R29
Change Component Designator: OldDesignator=R28 NewDesignator=R30
Change Component Designator: OldDesignator=R29 NewDesignator=R31
Change Component Designator: OldDesignator=R30 NewDesignator=R32
Change Component Designator: OldDesignator=R31 NewDesignator=R33
Change Component Designator: OldDesignator=R32 NewDesignator=R34
Change Component Designator: OldDesignator=R33 NewDesignator=R35
Change Component Designator: OldDesignator=R34 NewDesignator=R36
Change Component Designator: OldDesignator=R35 NewDesignator=R37
Change Component Designator: OldDesignator=R36 NewDesignator=R38
Change Component Designator: OldDesignator=R37 NewDesignator=R39
Change Component Designator: OldDesignator=R38 NewDesignator=R40
Change Component Designator: OldDesignator=R39 NewDesignator=R41
Change Component Designator: OldDesignator=R40 NewDesignator=R42
Change Component Designator: OldDesignator=R41 NewDesignator=R26
Change Component Designator: OldDesignator=R42 NewDesignator=R43
Change Component Designator: OldDesignator=R43 NewDesignator=R44
Change Component Designator: OldDesignator=R44 NewDesignator=R45
Change Component Designator: OldDesignator=R45 NewDesignator=R46
Change Component Designator: OldDesignator=R46 NewDesignator=R47
Change Component Designator: OldDesignator=R47 NewDesignator=R48
Change Component Designator: OldDesignator=R48 NewDesignator=R49
Change Component Designator: OldDesignator=R49 NewDesignator=R50
Change Component Designator: OldDesignator=R50 NewDesignator=R51
Change Component Designator: OldDesignator=R51 NewDesignator=R52
Change Component Designator: OldDesignator=R52 NewDesignator=R53
Change Component Designator: OldDesignator=R53 NewDesignator=R54
Change Component Designator: OldDesignator=R54 NewDesignator=R55
Change Component Designator: OldDesignator=R55 NewDesignator=R56
Change Component Designator: OldDesignator=R56 NewDesignator=R57
Change Component Designator: OldDesignator=R57 NewDesignator=R58
Change Component Designator: OldDesignator=R58 NewDesignator=R59
Change Component Designator: OldDesignator=R59 NewDesignator=R60
Change Component Designator: OldDesignator=R60 NewDesignator=R61
Change Component Designator: OldDesignator=R61 NewDesignator=R62
Change Component Designator: OldDesignator=R62 NewDesignator=R63
Change Component Designator: OldDesignator=R63 NewDesignator=R64
Change Component Designator: OldDesignator=R64 NewDesignator=R65
Change Component Designator: OldDesignator=U4 NewDesignator=U5
Change Component Designator: OldDesignator=U5 NewDesignator=U6
Change Component Designator: OldDesignator=U6 NewDesignator=U4
Added Component: Designator=C48(0603)
Add component. Clean all parameters for all variants
Add component (AddParameter): Name = "LatestRevisionDate"; Value = "17-Jul-2002"; VariantName = "[No Variations]"
Add component (AddParameter): Name = "LatestRevisionNote"; Value = "Re-released for DXP Platform."; VariantName = "[No Variations]"
Add component (AddParameter): Name = "PackageDescription"; Value = "Radial Cap, Thru-Hole; 2 Leads; 0.3 in Pin Spacing"; VariantName = "[No Variations]"
Add component (AddParameter): Name = "PackageReference"; Value = "RAD-0.3"; VariantName = "[No Variations]"
Add component (AddParameter): Name = "Published"; Value = "8-Jun-2000"; VariantName = "[No Variations]"
Add component (AddParameter): Name = "Publisher"; Value = "Altium Limited"; VariantName = "[No Variations]"
Add component (AddParameter): Name = "Value"; Value = "10nF"; VariantName = "[No Variations]"
Added Component: Designator=C49(0603)
Add component. Clean all parameters for all variants
Add component (AddParameter): Name = "LatestRevisionDate"; Value = "17-Jul-2002"; VariantName = "[No Variations]"
Add component (AddParameter): Name = "LatestRevisionNote"; Value = "Re-released for DXP Platform."; VariantName = "[No Variations]"
Add component (AddParameter): Name = "PackageDescription"; Value = "Radial Cap, Thru-Hole; 2 Leads; 0.3 in Pin Spacing"; VariantName = "[No Variations]"
Add component (AddParameter): Name = "PackageReference"; Value = "RAD-0.3"; VariantName = "[No Variations]"
Add component (AddParameter): Name = "Published"; Value = "8-Jun-2000"; VariantName = "[No Variations]"
Add component (AddParameter): Name = "Publisher"; Value = "Altium Limited"; VariantName = "[No Variations]"
Add component (AddParameter): Name = "Value"; Value = "100nF"; VariantName = "[No Variations]"
Added Component: Designator=C50(0603)
Add component. Clean all parameters for all variants
Add component (AddParameter): Name = "LatestRevisionDate"; Value = "17-Jul-2002"; VariantName = "[No Variations]"
Add component (AddParameter): Name = "LatestRevisionNote"; Value = "Re-released for DXP Platform."; VariantName = "[No Variations]"
Add component (AddParameter): Name = "PackageDescription"; Value = "Radial Cap, Thru-Hole; 2 Leads; 0.3 in Pin Spacing"; VariantName = "[No Variations]"
Add component (AddParameter): Name = "PackageReference"; Value = "RAD-0.3"; VariantName = "[No Variations]"
Add component (AddParameter): Name = "Published"; Value = "8-Jun-2000"; VariantName = "[No Variations]"
Add component (AddParameter): Name = "Publisher"; Value = "Altium Limited"; VariantName = "[No Variations]"
Add component (AddParameter): Name = "Value"; Value = "10nF"; VariantName = "[No Variations]"
Added Component: Designator=C51(0603)
Add component. Clean all parameters for all variants
Add component (AddParameter): Name = "LatestRevisionDate"; Value = "17-Jul-2002"; VariantName = "[No Variations]"
Add component (AddParameter): Name = "LatestRevisionNote"; Value = "Re-released for DXP Platform."; VariantName = "[No Variations]"
Add component (AddParameter): Name = "PackageDescription"; Value = "Radial Cap, Thru-Hole; 2 Leads; 0.3 in Pin Spacing"; VariantName = "[No Variations]"
Add component (AddParameter): Name = "PackageReference"; Value = "RAD-0.3"; VariantName = "[No Variations]"
Add component (AddParameter): Name = "Published"; Value = "8-Jun-2000"; VariantName = "[No Variations]"
Add component (AddParameter): Name = "Publisher"; Value = "Altium Limited"; VariantName = "[No Variations]"
Add component (AddParameter): Name = "Value"; Value = "100nF"; VariantName = "[No Variations]"
Added Component: Designator=P2(HDR1X5)
Add component. Clean all parameters for all variants
Add component (AddParameter): Name = "LatestRevisionDate"; Value = "17-Jul-2002"; VariantName = "[No Variations]"
Add component (AddParameter): Name = "LatestRevisionNote"; Value = "Re-released for DXP Platform."; VariantName = "[No Variations]"
Add component (AddParameter): Name = "Publisher"; Value = "Altium Limited"; VariantName = "[No Variations]"
Added Component: Designator=P8(SIP-1X3-M)
Add component. Clean all parameters for all variants
Add component (AddParameter): Name = "LatestRevisionDate"; Value = "17-Jul-2002"; VariantName = "[No Variations]"
Add component (AddParameter): Name = "LatestRevisionNote"; Value = "Re-released for DXP Platform."; VariantName = "[No Variations]"
Add component (AddParameter): Name = "Publisher"; Value = "Altium Limited"; VariantName = "[No Variations]"
Added Component: Designator=P11(HDR1X6)
Add component. Clean all parameters for all variants
Add component (AddParameter): Name = "LatestRevisionDate"; Value = "17-Jul-2002"; VariantName = "[No Variations]"
Add component (AddParameter): Name = "LatestRevisionNote"; Value = "Re-released for DXP Platform."; VariantName = "[No Variations]"
Add component (AddParameter): Name = "Publisher"; Value = "Altium Limited"; VariantName = "[No Variations]"
Added Component: Designator=P13(MOLEX-4)
Add component. Clean all parameters for all variants
Add component (AddParameter): Name = "LatestRevisionDate"; Value = "17-Jul-2002"; VariantName = "[No Variations]"
Add component (AddParameter): Name = "LatestRevisionNote"; Value = "Re-released for DXP Platform."; VariantName = "[No Variations]"
Add component (AddParameter): Name = "Publisher"; Value = "Altium Limited"; VariantName = "[No Variations]"
Added Component: Designator=R1(0805)
Add component. Clean all parameters for all variants
Add component (AddParameter): Name = "LatestRevisionDate"; Value = "17-Jul-2002"; VariantName = "[No Variations]"
Add component (AddParameter): Name = "LatestRevisionNote"; Value = "Re-released for DXP Platform."; VariantName = "[No Variations]"
Add component (AddParameter): Name = "PackageDescription"; Value = "Axial Device, Thru-Hole; 2 Leads; 0.3 in Pin Spacing"; VariantName = "[No Variations]"
Add component (AddParameter): Name = "PackageReference"; Value = "AXIAL-0.3"; VariantName = "[No Variations]"
Add component (AddParameter): Name = "Published"; Value = "8-Jun-2000"; VariantName = "[No Variations]"
Add component (AddParameter): Name = "Publisher"; Value = "Altium Limited"; VariantName = "[No Variations]"
Add component (AddParameter): Name = "Value"; Value = "5k"; VariantName = "[No Variations]"
Added Component: Designator=R10(0805)
Add component. Clean all parameters for all variants
Add component (AddParameter): Name = "LatestRevisionDate"; Value = "17-Jul-2002"; VariantName = "[No Variations]"
Add component (AddParameter): Name = "LatestRevisionNote"; Value = "Re-released for DXP Platform."; VariantName = "[No Variations]"
Add component (AddParameter): Name = "PackageDescription"; Value = "Axial Device, Thru-Hole; 2 Leads; 0.3 in Pin Spacing"; VariantName = "[No Variations]"
Add component (AddParameter): Name = "PackageReference"; Value = "AXIAL-0.3"; VariantName = "[No Variations]"
Add component (AddParameter): Name = "Published"; Value = "8-Jun-2000"; VariantName = "[No Variations]"
Add component (AddParameter): Name = "Publisher"; Value = "Altium Limited"; VariantName = "[No Variations]"
Add component (AddParameter): Name = "Value"; Value = "5k"; VariantName = "[No Variations]"
Added Pin To Net: NetName=GND Pin=C48-1
Added Pin To Net: NetName=+3.3V Pin=C48-2
Added Pin To Net: NetName=GND Pin=C49-1
Added Pin To Net: NetName=+3.3V Pin=C49-2
Added Pin To Net: NetName=GND Pin=C50-1
Added Pin To Net: NetName=5V_RPi Pin=C50-2
Added Pin To Net: NetName=GND Pin=C51-1
Added Pin To Net: NetName=5V_RPi Pin=C51-2
Added Pin To Net: NetName=+5V Pin=P2-1
Added Pin To Net: NetName=GND Pin=P2-2
Added Pin To Net: NetName=U2RX Pin=P2-3
Added Pin To Net: NetName=U2TX Pin=P2-4
Added Pin To Net: NetName=GND Pin=P5-2
Added Pin To Net: NetName=NetP8_1 Pin=P8-1
Added Pin To Net: NetName=5V_RPi Pin=P8-2
Added Pin To Net: NetName=+3.3V Pin=P11-1
Added Pin To Net: NetName=GND Pin=P11-2
Added Pin To Net: NetName=LED_RPi_1 Pin=P13-1
Added Pin To Net: NetName=GND Pin=P13-2
Added Pin To Net: NetName=LED_RPi_2 Pin=P13-3
Added Pin To Net: NetName=GND Pin=P13-4
Added Pin To Net: NetName=NetP8_1 Pin=Q1-1
Change Net Name : Old Net Name=NetC8_1 New Net Name=NetC9_1
Change Net Name : Old Net Name=NetC8_2 New Net Name=NetC9_2
Change Net Name : Old Net Name=NetC9_1 New Net Name=NetC10_1
Change Net Name : Old Net Name=NetC9_2 New Net Name=NetC10_2
Change Net Name : Old Net Name=NetC13_1 New Net Name=NetC17_1
Change Net Name : Old Net Name=NetC18_2 New Net Name=NetC22_2
Change Net Name : Old Net Name=NetC48_1 New Net Name=NetC52_1
Change Net Name : Old Net Name=NetC48_2 New Net Name=NetC52_2
Change Net Name : Old Net Name=NetC49_1 New Net Name=NetC53_1
Change Net Name : Old Net Name=NetC49_2 New Net Name=NetC53_2
Change Net Name : Old Net Name=NetC51_1 New Net Name=NetC55_1
Change Net Name : Old Net Name=NetC52_1 New Net Name=NetC56_1
Change Net Name : Old Net Name=NetC56_2 New Net Name=NetC60_2
Change Net Name : Old Net Name=NetC57_2 New Net Name=NetC61_2
Change Net Name : Old Net Name=NetR1_1 New Net Name=NetR6_1
Change Net Name : Old Net Name=NetR2_1 New Net Name=NetR7_1
Change Net Name : Old Net Name=NetR6_3 New Net Name=NetR15_3
Change Net Name : Old Net Name=NetR8_2 New Net Name=NetR3_2
Change Net Name : Old Net Name=NetR9_2 New Net Name=NetR4_2
Change Net Name : Old Net Name=NetR10_2 New Net Name=NetR5_2
Change Net Name : Old Net Name=NetR15_2 New Net Name=NetR16_2
Change Net Name : Old Net Name=NetR16_2 New Net Name=NetR17_2
Change Net Name : Old Net Name=NetR19_2 New Net Name=NetR20_2
Change Net Name : Old Net Name=NetR20_2 New Net Name=NetR21_2
Change Net Name : Old Net Name=NetR21_2 New Net Name=NetR22_2
Change Net Name : Old Net Name=NetR23_2 New Net Name=NetR24_2
Change Net Name : Old Net Name=NetR24_2 New Net Name=NetR25_2
Change Net Name : Old Net Name=NetR25_2 New Net Name=NetR27_2
Change Net Name : Old Net Name=NetR26_2 New Net Name=NetR28_2
Change Net Name : Old Net Name=NetR27_2 New Net Name=NetR29_2
Change Net Name : Old Net Name=NetR28_2 New Net Name=NetR30_2
Change Net Name : Old Net Name=NetR29_1 New Net Name=NetR31_1
Change Net Name : Old Net Name=NetR32_2 New Net Name=NetR34_2
Change Net Name : Old Net Name=NetR35_2 New Net Name=NetR37_2
Change Net Name : Old Net Name=NetR36_2 New Net Name=NetR38_2
Change Net Name : Old Net Name=NetR37_2 New Net Name=NetR39_2
Change Net Name : Old Net Name=NetR38_2 New Net Name=NetR40_2
Change Net Name : Old Net Name=NetR39_2 New Net Name=NetR41_2
Change Net Name : Old Net Name=NetR40_2 New Net Name=NetR42_2
Change Net Name : Old Net Name=NetR42_2 New Net Name=NetR43_2
Change Net Name : Old Net Name=NetR46_1 New Net Name=NetR47_1
Change Net Name : Old Net Name=NetR46_2 New Net Name=NetR47_2
Change Net Name : Old Net Name=NetR50_2 New Net Name=NetR51_2
Change Net Name : Old Net Name=NetR51_2 New Net Name=NetR52_2
Change Net Name : Old Net Name=NetR52_2 New Net Name=NetR53_2
Change Net Name : Old Net Name=NetR53_2 New Net Name=NetR54_2
Change Net Name : Old Net Name=NetR54_2 New Net Name=NetR55_2
Change Net Name : Old Net Name=NetR56_2 New Net Name=NetR57_2
Change Net Name : Old Net Name=NetR57_2 New Net Name=NetR58_2
Change Net Name : Old Net Name=NetR58_2 New Net Name=NetR59_2
Change Net Name : Old Net Name=NetR59_2 New Net Name=NetR60_2
Change Net Name : Old Net Name=NetR60_2 New Net Name=NetR61_2
Change Net Name : Old Net Name=NetR61_1 New Net Name=NetR62_1
Change Net Name : Old Net Name=NetR63_2 New Net Name=NetR64_2
Added Pin To Net: NetName=LED_PIC_1 Pin=P5-1
Added Pin To Net: NetName=LED_PIC_1 Pin=R1-1
Added Net: Name=LED_PIC_1
Added Pin To Net: NetName=LED_PIC_2 Pin=P5-3
Added Pin To Net: NetName=LED_PIC_2 Pin=R10-1
Added Net: Name=LED_PIC_2
Added Pin To Net: NetName=NetR1_2 Pin=R1-2
Added Pin To Net: NetName=NetR1_2 Pin=U4-2
Added Net: Name=NetR1_2
Added Pin To Net: NetName=NetR10_2 Pin=R10-2
Added Pin To Net: NetName=NetR10_2 Pin=U4-34
Added Net: Name=NetR10_2
Added Pin To Net: NetName=PIN_PIC_LIBRE Pin=P2-5
Added Pin To Net: NetName=PIN_PIC_LIBRE Pin=U4-3
Added Net: Name=PIN_PIC_LIBRE
Added Pin To Net: NetName=PIN_RPi_LIBRE_1 Pin=P11-3
Added Pin To Net: NetName=PIN_RPi_LIBRE_1 Pin=P12-3
Added Net: Name=PIN_RPi_LIBRE_1
Added Pin To Net: NetName=PIN_RPi_LIBRE_2 Pin=P11-4
Added Pin To Net: NetName=PIN_RPi_LIBRE_2 Pin=P12-5
Added Net: Name=PIN_RPi_LIBRE_2
Added Pin To Net: NetName=PIN_RPi_LIBRE_3 Pin=P11-5
Added Pin To Net: NetName=PIN_RPi_LIBRE_3 Pin=P12-8
Added Net: Name=PIN_RPi_LIBRE_3
Added Pin To Net: NetName=PIN_RPi_LIBRE_4 Pin=P11-6
Added Pin To Net: NetName=PIN_RPi_LIBRE_4 Pin=P12-10
Added Net: Name=PIN_RPi_LIBRE_4
Added Member To Class: ClassName=Digitalizador_RPi Member=Component C4 Cap Pol1
Added Member To Class: ClassName=Digitalizador_RPi Member=Component C7 Cap
Added Member To Class: ClassName=Digitalizador_RPi Member=Component C10 Cap Pol1
Added Member To Class: ClassName=Digitalizador_RPi Member=Component C17 Cap Pol1
Added Member To Class: ClassName=Digitalizador_RPi Member=Component C18 Cap
Added Member To Class: ClassName=Digitalizador_RPi Member=Component C20 Cap
Added Member To Class: ClassName=Digitalizador_RPi Member=Component C21 Cap Pol1
Added Member To Class: ClassName=Digitalizador_RPi Member=Component C22 Cap Pol1
Added Member To Class: ClassName=Digitalizador_RPi Member=Component C23 Cap
Added Member To Class: ClassName=Digitalizador_RPi Member=Component C24 Cap
Added Member To Class: ClassName=Digitalizador_RPi Member=Component C25 Cap
Added Member To Class: ClassName=Digitalizador_RPi Member=Component C26 Cap
Added Member To Class: ClassName=Digitalizador_RPi Member=Component C36 Cap
Added Member To Class: ClassName=Digitalizador_RPi Member=Component C38 Cap
Added Member To Class: ClassName=Digitalizador_RPi Member=Component C39 Cap
Added Member To Class: ClassName=Digitalizador_RPi Member=Component C44 100nF
Added Member To Class: ClassName=Digitalizador_RPi Member=Component C47 Cap
Added Member To Class: ClassName=Digitalizador_RPi Member=Component C52 Cap
Added Member To Class: ClassName=Digitalizador_RPi Member=Component C56 Cap
Added Member To Class: ClassName=Digitalizador_RPi Member=Component C57 Cap
Added Member To Class: ClassName=Digitalizador_RPi Member=Component C58 100nF
Added Member To Class: ClassName=Digitalizador_RPi Member=Component C59 100nF
Added Member To Class: ClassName=Digitalizador_RPi Member=Component C60 Cap
Added Member To Class: ClassName=Digitalizador_RPi Member=Component C61 Cap
Added Member To Class: ClassName=Digitalizador_RPi Member=Component P4 JumperAliment-2.5
Added Member To Class: ClassName=Digitalizador_RPi Member=Component P6 Molex Geofono
Added Member To Class: ClassName=Digitalizador_RPi Member=Component P10 Jumper MCLR
Added Member To Class: ClassName=Digitalizador_RPi Member=Component P11 Conector Pines Extra RPi
Added Member To Class: ClassName=Digitalizador_RPi Member=Component P12 RPI_Pins
Added Member To Class: ClassName=Digitalizador_RPi Member=Component P13 Molex LEDs RPi
Added Member To Class: ClassName=Digitalizador_RPi Member=Component Q1 MOSFET-P DMP3125L
Added Member To Class: ClassName=Digitalizador_RPi Member=Component R2 Res1
Added Member To Class: ClassName=Digitalizador_RPi Member=Component R4 Res1
Added Member To Class: ClassName=Digitalizador_RPi Member=Component R6 Res1
Added Member To Class: ClassName=Digitalizador_RPi Member=Component R7 Res1
Added Member To Class: ClassName=Digitalizador_RPi Member=Component R8 RPot
Added Member To Class: ClassName=Digitalizador_RPi Member=Component R9 RPot
Added Member To Class: ClassName=Digitalizador_RPi Member=Component R14 Res1
Added Member To Class: ClassName=Digitalizador_RPi Member=Component R15 RPot
Added Member To Class: ClassName=Digitalizador_RPi Member=Component R16 Res1
Added Member To Class: ClassName=Digitalizador_RPi Member=Component R17 Res1
Added Member To Class: ClassName=Digitalizador_RPi Member=Component R18 Res1
Added Member To Class: ClassName=Digitalizador_RPi Member=Component R20 
Added Member To Class: ClassName=Digitalizador_RPi Member=Component R22 
Added Member To Class: ClassName=Digitalizador_RPi Member=Component R24 
Added Member To Class: ClassName=Digitalizador_RPi Member=Component R26 Res1
Added Member To Class: ClassName=Digitalizador_RPi Member=Component R27 
Added Member To Class: ClassName=Digitalizador_RPi Member=Component R30 
Added Member To Class: ClassName=Digitalizador_RPi Member=Component R32 Res1
Added Member To Class: ClassName=Digitalizador_RPi Member=Component R33 Res1
Added Member To Class: ClassName=Digitalizador_RPi Member=Component R37 
Added Member To Class: ClassName=Digitalizador_RPi Member=Component R38 Res1
Added Member To Class: ClassName=Digitalizador_RPi Member=Component R40 
Added Member To Class: ClassName=Digitalizador_RPi Member=Component R41 
Added Member To Class: ClassName=Digitalizador_RPi Member=Component R44 Res1
Added Member To Class: ClassName=Digitalizador_RPi Member=Component R46 Res1
Added Member To Class: ClassName=Digitalizador_RPi Member=Component R47 Res1
Added Member To Class: ClassName=Digitalizador_RPi Member=Component R48 Res1
Added Member To Class: ClassName=Digitalizador_RPi Member=Component R51 
Added Member To Class: ClassName=Digitalizador_RPi Member=Component R52 
Added Member To Class: ClassName=Digitalizador_RPi Member=Component R53 
Added Member To Class: ClassName=Digitalizador_RPi Member=Component R54 
Added Member To Class: ClassName=Digitalizador_RPi Member=Component R55 
Added Member To Class: ClassName=Digitalizador_RPi Member=Component R57 
Added Member To Class: ClassName=Digitalizador_RPi Member=Component R60 
Added Member To Class: ClassName=Digitalizador_RPi Member=Component R62 Res1
Added Member To Class: ClassName=Digitalizador_RPi Member=Component R63 Res1
Added Member To Class: ClassName=Digitalizador_RPi Member=Component R64 
Added Member To Class: ClassName=Digitalizador_RPi Member=Component R66 Res1
Added Member To Class: ClassName=Digitalizador_RPi Member=Component R67 Res1
Added Member To Class: ClassName=Digitalizador_RPi Member=Component R68 
Added Member To Class: ClassName=Digitalizador_RPi Member=Component R70 
Added Member To Class: ClassName=Digitalizador_RPi Member=Component R71 
Added Member To Class: ClassName=Digitalizador_RPi Member=Component R74 Res1
Added Member To Class: ClassName=Digitalizador_RPi Member=Component R77 Res1
Added Member To Class: ClassName=Digitalizador_RPi Member=Component R81 Res1
Added Member To Class: ClassName=Digitalizador_RPi Member=Component R82 Res1
Added Member To Class: ClassName=Digitalizador_RPi Member=Component R83 Res1
Added Member To Class: ClassName=Digitalizador_RPi Member=Component R84 Res1
Added Member To Class: ClassName=Digitalizador_RPi Member=Component R85 
Added Member To Class: ClassName=Digitalizador_RPi Member=Component R86 
Added Member To Class: ClassName=Digitalizador_RPi Member=Component R89 
Added Member To Class: ClassName=Digitalizador_RPi Member=Component R91 
Added Member To Class: ClassName=Digitalizador_RPi Member=Component R92 
Added Member To Class: ClassName=Digitalizador_RPi Member=Component R94 Res1
Added Member To Class: ClassName=Digitalizador_RPi Member=Component R95 Res1
Added Member To Class: ClassName=Digitalizador_RPi Member=Component R96 Res1
Added Member To Class: ClassName=Digitalizador_RPi Member=Component R97 Res1
Added Member To Class: ClassName=Digitalizador_RPi Member=Component R99 
Added Member To Class: ClassName=Digitalizador_RPi Member=Component R100 Res1
Added Member To Class: ClassName=Digitalizador_RPi Member=Component R102 
Added Member To Class: ClassName=Digitalizador_RPi Member=Component U5 LM317LZ
Added Member To Class: ClassName=Digitalizador_RPi Member=Component U6 LM337H
Added Member To Class: ClassName=Digitalizador_RPi Member=Component U9 INA114
Added Member To Class: ClassName=Digitalizador_RPi Member=Component U11 MULTIPLEXORADG706
Added Member To Class: ClassName=Digitalizador_RPi Member=Component U14 DS1307
Added Room: Name=Digitalizador_RPi
