Added Component: Designator=BT1(Bateria-DS1307)
Add component. Clean all parameters for all variants
Added Component: Designator=C50(RAD0.1)
Add component. Clean all parameters for all variants
Add component (AddParameter): Name = "LatestRevisionDate"; Value = "17-Jul-2002"; VariantName = "[No Variations]"
Add component (AddParameter): Name = "LatestRevisionNote"; Value = "Re-released for DXP Platform."; VariantName = "[No Variations]"
Add component (AddParameter): Name = "PackageDescription"; Value = "Radial Cap, Thru-Hole; 2 Leads; 0.3 in Pin Spacing"; VariantName = "[No Variations]"
Add component (AddParameter): Name = "PackageReference"; Value = "RAD-0.3"; VariantName = "[No Variations]"
Add component (AddParameter): Name = "Published"; Value = "8-Jun-2000"; VariantName = "[No Variations]"
Add component (AddParameter): Name = "Publisher"; Value = "Altium Limited"; VariantName = "[No Variations]"
Add component (AddParameter): Name = "Value"; Value = "100nF"; VariantName = "[No Variations]"
Added Component: Designator=C51(RAD0.1)
Add component. Clean all parameters for all variants
Add component (AddParameter): Name = "LatestRevisionDate"; Value = "17-Jul-2002"; VariantName = "[No Variations]"
Add component (AddParameter): Name = "LatestRevisionNote"; Value = "Re-released for DXP Platform."; VariantName = "[No Variations]"
Add component (AddParameter): Name = "PackageDescription"; Value = "Radial Cap, Thru-Hole; 2 Leads; 0.3 in Pin Spacing"; VariantName = "[No Variations]"
Add component (AddParameter): Name = "PackageReference"; Value = "RAD-0.3"; VariantName = "[No Variations]"
Add component (AddParameter): Name = "Published"; Value = "8-Jun-2000"; VariantName = "[No Variations]"
Add component (AddParameter): Name = "Publisher"; Value = "Altium Limited"; VariantName = "[No Variations]"
Add component (AddParameter): Name = "Value"; Value = "22pF"; VariantName = "[No Variations]"
Added Component: Designator=C52(RAD0.1)
Add component. Clean all parameters for all variants
Add component (AddParameter): Name = "LatestRevisionDate"; Value = "17-Jul-2002"; VariantName = "[No Variations]"
Add component (AddParameter): Name = "LatestRevisionNote"; Value = "Re-released for DXP Platform."; VariantName = "[No Variations]"
Add component (AddParameter): Name = "PackageDescription"; Value = "Radial Cap, Thru-Hole; 2 Leads; 0.3 in Pin Spacing"; VariantName = "[No Variations]"
Add component (AddParameter): Name = "PackageReference"; Value = "RAD-0.3"; VariantName = "[No Variations]"
Add component (AddParameter): Name = "Published"; Value = "8-Jun-2000"; VariantName = "[No Variations]"
Add component (AddParameter): Name = "Publisher"; Value = "Altium Limited"; VariantName = "[No Variations]"
Add component (AddParameter): Name = "Value"; Value = "22pF"; VariantName = "[No Variations]"
Added Component: Designator=C53(RAD0.1)
Add component. Clean all parameters for all variants
Add component (AddParameter): Name = "LatestRevisionDate"; Value = "17-Jul-2002"; VariantName = "[No Variations]"
Add component (AddParameter): Name = "LatestRevisionNote"; Value = "Re-released for DXP Platform."; VariantName = "[No Variations]"
Add component (AddParameter): Name = "PackageDescription"; Value = "Radial Cap, Thru-Hole; 2 Leads; 0.3 in Pin Spacing"; VariantName = "[No Variations]"
Add component (AddParameter): Name = "PackageReference"; Value = "RAD-0.3"; VariantName = "[No Variations]"
Add component (AddParameter): Name = "Published"; Value = "8-Jun-2000"; VariantName = "[No Variations]"
Add component (AddParameter): Name = "Publisher"; Value = "Altium Limited"; VariantName = "[No Variations]"
Add component (AddParameter): Name = "Value"; Value = "100nF"; VariantName = "[No Variations]"
Added Component: Designator=GPS1(GPS_BREAKOUT_V3)
Add component. Clean all parameters for all variants
Added Component: Designator=P12(MOLEX-4)
Add component. Clean all parameters for all variants
Add component (AddParameter): Name = "LatestRevisionDate"; Value = "17-Jul-2002"; VariantName = "[No Variations]"
Add component (AddParameter): Name = "LatestRevisionNote"; Value = "Re-released for DXP Platform."; VariantName = "[No Variations]"
Add component (AddParameter): Name = "Publisher"; Value = "Altium Limited"; VariantName = "[No Variations]"
Added Component: Designator=R42(AXIAL-0.3)
Add component. Clean all parameters for all variants
Add component (AddParameter): Name = "LatestRevisionDate"; Value = "17-Jul-2002"; VariantName = "[No Variations]"
Add component (AddParameter): Name = "LatestRevisionNote"; Value = "Re-released for DXP Platform."; VariantName = "[No Variations]"
Add component (AddParameter): Name = "PackageDescription"; Value = "Axial Device, Thru-Hole; 2 Leads; 0.3 in Pin Spacing"; VariantName = "[No Variations]"
Add component (AddParameter): Name = "PackageReference"; Value = "AXIAL-0.3"; VariantName = "[No Variations]"
Add component (AddParameter): Name = "Published"; Value = "8-Jun-2000"; VariantName = "[No Variations]"
Add component (AddParameter): Name = "Publisher"; Value = "Altium Limited"; VariantName = "[No Variations]"
Add component (AddParameter): Name = "Value"; Value = "470"; VariantName = "[No Variations]"
Added Component: Designator=R43(AXIAL-0.3)
Add component. Clean all parameters for all variants
Add component (AddParameter): Name = "LatestRevisionDate"; Value = "17-Jul-2002"; VariantName = "[No Variations]"
Add component (AddParameter): Name = "LatestRevisionNote"; Value = "Re-released for DXP Platform."; VariantName = "[No Variations]"
Add component (AddParameter): Name = "PackageDescription"; Value = "Axial Device, Thru-Hole; 2 Leads; 0.3 in Pin Spacing"; VariantName = "[No Variations]"
Add component (AddParameter): Name = "PackageReference"; Value = "AXIAL-0.3"; VariantName = "[No Variations]"
Add component (AddParameter): Name = "Published"; Value = "8-Jun-2000"; VariantName = "[No Variations]"
Add component (AddParameter): Name = "Publisher"; Value = "Altium Limited"; VariantName = "[No Variations]"
Add component (AddParameter): Name = "Value"; Value = "62k"; VariantName = "[No Variations]"
Added Component: Designator=R44(AXIAL-0.3)
Add component. Clean all parameters for all variants
Add component (AddParameter): Name = "LatestRevisionDate"; Value = "17-Jul-2002"; VariantName = "[No Variations]"
Add component (AddParameter): Name = "LatestRevisionNote"; Value = "Re-released for DXP Platform."; VariantName = "[No Variations]"
Add component (AddParameter): Name = "PackageDescription"; Value = "Axial Device, Thru-Hole; 2 Leads; 0.3 in Pin Spacing"; VariantName = "[No Variations]"
Add component (AddParameter): Name = "PackageReference"; Value = "AXIAL-0.3"; VariantName = "[No Variations]"
Add component (AddParameter): Name = "Published"; Value = "8-Jun-2000"; VariantName = "[No Variations]"
Add component (AddParameter): Name = "Publisher"; Value = "Altium Limited"; VariantName = "[No Variations]"
Add component (AddParameter): Name = "Value"; Value = "62k"; VariantName = "[No Variations]"
Added Component: Designator=R45(AXIAL-0.3)
Add component. Clean all parameters for all variants
Add component (AddParameter): Name = "LatestRevisionDate"; Value = "17-Jul-2002"; VariantName = "[No Variations]"
Add component (AddParameter): Name = "LatestRevisionNote"; Value = "Re-released for DXP Platform."; VariantName = "[No Variations]"
Add component (AddParameter): Name = "PackageDescription"; Value = "Axial Device, Thru-Hole; 2 Leads; 0.3 in Pin Spacing"; VariantName = "[No Variations]"
Add component (AddParameter): Name = "PackageReference"; Value = "AXIAL-0.3"; VariantName = "[No Variations]"
Add component (AddParameter): Name = "Published"; Value = "8-Jun-2000"; VariantName = "[No Variations]"
Add component (AddParameter): Name = "Publisher"; Value = "Altium Limited"; VariantName = "[No Variations]"
Add component (AddParameter): Name = "Value"; Value = "62k"; VariantName = "[No Variations]"
Added Component: Designator=R46(AXIAL-0.3)
Add component. Clean all parameters for all variants
Add component (AddParameter): Name = "LatestRevisionDate"; Value = "17-Jul-2002"; VariantName = "[No Variations]"
Add component (AddParameter): Name = "LatestRevisionNote"; Value = "Re-released for DXP Platform."; VariantName = "[No Variations]"
Add component (AddParameter): Name = "PackageDescription"; Value = "Axial Device, Thru-Hole; 2 Leads; 0.3 in Pin Spacing"; VariantName = "[No Variations]"
Add component (AddParameter): Name = "PackageReference"; Value = "AXIAL-0.3"; VariantName = "[No Variations]"
Add component (AddParameter): Name = "Published"; Value = "8-Jun-2000"; VariantName = "[No Variations]"
Add component (AddParameter): Name = "Publisher"; Value = "Altium Limited"; VariantName = "[No Variations]"
Add component (AddParameter): Name = "Value"; Value = "62k"; VariantName = "[No Variations]"
Added Component: Designator=R47(AXIAL-0.3)
Add component. Clean all parameters for all variants
Add component (AddParameter): Name = "LatestRevisionDate"; Value = "17-Jul-2002"; VariantName = "[No Variations]"
Add component (AddParameter): Name = "LatestRevisionNote"; Value = "Re-released for DXP Platform."; VariantName = "[No Variations]"
Add component (AddParameter): Name = "PackageDescription"; Value = "Axial Device, Thru-Hole; 2 Leads; 0.3 in Pin Spacing"; VariantName = "[No Variations]"
Add component (AddParameter): Name = "PackageReference"; Value = "AXIAL-0.3"; VariantName = "[No Variations]"
Add component (AddParameter): Name = "Published"; Value = "8-Jun-2000"; VariantName = "[No Variations]"
Add component (AddParameter): Name = "Publisher"; Value = "Altium Limited"; VariantName = "[No Variations]"
Add component (AddParameter): Name = "Value"; Value = "470"; VariantName = "[No Variations]"
Added Component: Designator=R48(AXIAL-0.3)
Add component. Clean all parameters for all variants
Add component (AddParameter): Name = "LatestRevisionDate"; Value = "17-Jul-2002"; VariantName = "[No Variations]"
Add component (AddParameter): Name = "LatestRevisionNote"; Value = "Re-released for DXP Platform."; VariantName = "[No Variations]"
Add component (AddParameter): Name = "PackageDescription"; Value = "Axial Device, Thru-Hole; 2 Leads; 0.3 in Pin Spacing"; VariantName = "[No Variations]"
Add component (AddParameter): Name = "PackageReference"; Value = "AXIAL-0.3"; VariantName = "[No Variations]"
Add component (AddParameter): Name = "Published"; Value = "8-Jun-2000"; VariantName = "[No Variations]"
Add component (AddParameter): Name = "Publisher"; Value = "Altium Limited"; VariantName = "[No Variations]"
Add component (AddParameter): Name = "Value"; Value = "62k"; VariantName = "[No Variations]"
Added Component: Designator=R49(AXIAL-0.3)
Add component. Clean all parameters for all variants
Add component (AddParameter): Name = "LatestRevisionDate"; Value = "17-Jul-2002"; VariantName = "[No Variations]"
Add component (AddParameter): Name = "LatestRevisionNote"; Value = "Re-released for DXP Platform."; VariantName = "[No Variations]"
Add component (AddParameter): Name = "PackageDescription"; Value = "Axial Device, Thru-Hole; 2 Leads; 0.3 in Pin Spacing"; VariantName = "[No Variations]"
Add component (AddParameter): Name = "PackageReference"; Value = "AXIAL-0.3"; VariantName = "[No Variations]"
Add component (AddParameter): Name = "Published"; Value = "8-Jun-2000"; VariantName = "[No Variations]"
Add component (AddParameter): Name = "Publisher"; Value = "Altium Limited"; VariantName = "[No Variations]"
Add component (AddParameter): Name = "Value"; Value = "62k"; VariantName = "[No Variations]"
Added Component: Designator=R50(AXIAL-0.3)
Add component. Clean all parameters for all variants
Add component (AddParameter): Name = "LatestRevisionDate"; Value = "17-Jul-2002"; VariantName = "[No Variations]"
Add component (AddParameter): Name = "LatestRevisionNote"; Value = "Re-released for DXP Platform."; VariantName = "[No Variations]"
Add component (AddParameter): Name = "PackageDescription"; Value = "Axial Device, Thru-Hole; 2 Leads; 0.3 in Pin Spacing"; VariantName = "[No Variations]"
Add component (AddParameter): Name = "PackageReference"; Value = "AXIAL-0.3"; VariantName = "[No Variations]"
Add component (AddParameter): Name = "Published"; Value = "8-Jun-2000"; VariantName = "[No Variations]"
Add component (AddParameter): Name = "Publisher"; Value = "Altium Limited"; VariantName = "[No Variations]"
Add component (AddParameter): Name = "Value"; Value = "62k"; VariantName = "[No Variations]"
Added Component: Designator=R51(AXIAL-0.3)
Add component. Clean all parameters for all variants
Add component (AddParameter): Name = "LatestRevisionDate"; Value = "17-Jul-2002"; VariantName = "[No Variations]"
Add component (AddParameter): Name = "LatestRevisionNote"; Value = "Re-released for DXP Platform."; VariantName = "[No Variations]"
Add component (AddParameter): Name = "PackageDescription"; Value = "Axial Device, Thru-Hole; 2 Leads; 0.3 in Pin Spacing"; VariantName = "[No Variations]"
Add component (AddParameter): Name = "PackageReference"; Value = "AXIAL-0.3"; VariantName = "[No Variations]"
Add component (AddParameter): Name = "Published"; Value = "8-Jun-2000"; VariantName = "[No Variations]"
Add component (AddParameter): Name = "Publisher"; Value = "Altium Limited"; VariantName = "[No Variations]"
Add component (AddParameter): Name = "Value"; Value = "62k"; VariantName = "[No Variations]"
Added Component: Designator=R52(AXIAL-0.3)
Add component. Clean all parameters for all variants
Add component (AddParameter): Name = "LatestRevisionDate"; Value = "17-Jul-2002"; VariantName = "[No Variations]"
Add component (AddParameter): Name = "LatestRevisionNote"; Value = "Re-released for DXP Platform."; VariantName = "[No Variations]"
Add component (AddParameter): Name = "PackageDescription"; Value = "Axial Device, Thru-Hole; 2 Leads; 0.3 in Pin Spacing"; VariantName = "[No Variations]"
Add component (AddParameter): Name = "PackageReference"; Value = "AXIAL-0.3"; VariantName = "[No Variations]"
Add component (AddParameter): Name = "Published"; Value = "8-Jun-2000"; VariantName = "[No Variations]"
Add component (AddParameter): Name = "Publisher"; Value = "Altium Limited"; VariantName = "[No Variations]"
Add component (AddParameter): Name = "Value"; Value = "4.7k"; VariantName = "[No Variations]"
Added Component: Designator=R53(AXIAL-0.3)
Add component. Clean all parameters for all variants
Add component (AddParameter): Name = "LatestRevisionDate"; Value = "17-Jul-2002"; VariantName = "[No Variations]"
Add component (AddParameter): Name = "LatestRevisionNote"; Value = "Re-released for DXP Platform."; VariantName = "[No Variations]"
Add component (AddParameter): Name = "PackageDescription"; Value = "Axial Device, Thru-Hole; 2 Leads; 0.3 in Pin Spacing"; VariantName = "[No Variations]"
Add component (AddParameter): Name = "PackageReference"; Value = "AXIAL-0.3"; VariantName = "[No Variations]"
Add component (AddParameter): Name = "Published"; Value = "8-Jun-2000"; VariantName = "[No Variations]"
Add component (AddParameter): Name = "Publisher"; Value = "Altium Limited"; VariantName = "[No Variations]"
Add component (AddParameter): Name = "Value"; Value = "4.7k"; VariantName = "[No Variations]"
Added Component: Designator=U16(DIP-40)
Add component. Clean all parameters for all variants
Add component (AddParameter): Name = "ComponentLink1Description"; Value = "Datasheet"; VariantName = "[No Variations]"
Add component (AddParameter): Name = "ComponentLink1URL"; Value = "http://ww1.microchip.com/downloads/en/DeviceDoc/70138F.pdf"; VariantName = "[No Variations]"
Add component (AddParameter): Name = "ComponentLink2Description"; Value = "Packaging Specification"; VariantName = "[No Variations]"
Add component (AddParameter): Name = "ComponentLink2URL"; Value = "http://www.microchip.com/stellent/groups/techpub_sg/documents/packagingspec/en012702.pdf"; VariantName = "[No Variations]"
Add component (AddParameter): Name = "ComponentLink3Description"; Value = "Microchip.com Home"; VariantName = "[No Variations]"
Add component (AddParameter): Name = "ComponentLink3URL"; Value = "http://www.microchip.com/"; VariantName = "[No Variations]"
Add component (AddParameter): Name = "DatasheetVersion"; Value = "revF, Apr-2008"; VariantName = "[No Variations]"
Add component (AddParameter): Name = "PackageDescription"; Value = "40-Lead Plastic Dual In-Line (P) - 600 mil Body [PDIP]"; VariantName = "[No Variations]"
Add component (AddParameter): Name = "PackageReference"; Value = "PDIP600-P40"; VariantName = "[No Variations]"
Add component (AddParameter): Name = "PackageVersion"; Value = "revBB, Aug-2009"; VariantName = "[No Variations]"
Add component (AddParameter): Name = "Published"; Value = "29-Jan-2009"; VariantName = "[No Variations]"
Add component (AddParameter): Name = "Publisher"; Value = "Altium Limited"; VariantName = "[No Variations]"
Add component (AddParameter): Name = "Supplier 1"; Value = "Digi-Key"; VariantName = "[No Variations]"
Add component (AddParameter): Name = "Supplier 2"; Value = "Farnell"; VariantName = "[No Variations]"
Add component (AddParameter): Name = "Supplier Part Number 1"; Value = "DSPIC30F3014-20IP-ND"; VariantName = "[No Variations]"
Add component (AddParameter): Name = "Supplier Part Number 2"; Value = "1621779"; VariantName = "[No Variations]"
Added Component: Designator=U17(DIP-8)
Add component. Clean all parameters for all variants
Added Component: Designator=Y1(CRISTAL10MHz)
Add component. Clean all parameters for all variants
Add component (AddParameter): Name = "LatestRevisionDate"; Value = "17-Jul-2002"; VariantName = "[No Variations]"
Add component (AddParameter): Name = "LatestRevisionNote"; Value = "Re-released for DXP Platform."; VariantName = "[No Variations]"
Add component (AddParameter): Name = "PackageDescription"; Value = "Crystal, Thru-Hole; 2 Leads; Body 3.1 x 8.2 mm (Dia.xH)"; VariantName = "[No Variations]"
Add component (AddParameter): Name = "PackageReference"; Value = "R38"; VariantName = "[No Variations]"
Add component (AddParameter): Name = "Published"; Value = "8-Jun-2000"; VariantName = "[No Variations]"
Add component (AddParameter): Name = "Publisher"; Value = "Altium Limited"; VariantName = "[No Variations]"
Added Component: Designator=Y2(CRISTAL32768)
Add component. Clean all parameters for all variants
Add component (AddParameter): Name = "LatestRevisionDate"; Value = "17-Jul-2002"; VariantName = "[No Variations]"
Add component (AddParameter): Name = "LatestRevisionNote"; Value = "Re-released for DXP Platform."; VariantName = "[No Variations]"
Add component (AddParameter): Name = "PackageDescription"; Value = "Crystal, Thru-Hole; 2 Leads; Body 3.1 x 8.2 mm (Dia.xH)"; VariantName = "[No Variations]"
Add component (AddParameter): Name = "PackageReference"; Value = "R38"; VariantName = "[No Variations]"
Add component (AddParameter): Name = "Published"; Value = "8-Jun-2000"; VariantName = "[No Variations]"
Add component (AddParameter): Name = "Publisher"; Value = "Altium Limited"; VariantName = "[No Variations]"
Added Pin To Net: NetName=GND Pin=BT1-1
Added Pin To Net: NetName=GND Pin=C50-1
Added Pin To Net: NetName=+5V Pin=C50-2
Added Pin To Net: NetName=GND Pin=C51-2
Added Pin To Net: NetName=GND Pin=C52-2
Added Pin To Net: NetName=GND Pin=C53-1
Added Pin To Net: NetName=+5V Pin=C53-2
Added Pin To Net: NetName=+5V Pin=GPS1-1
Added Pin To Net: NetName=GND Pin=GPS1-2
Added Pin To Net: NetName=GND Pin=P12-4
Added Pin To Net: NetName=A3 Pin=R43-1
Added Pin To Net: NetName=A2 Pin=R44-1
Added Pin To Net: NetName=A1 Pin=R45-1
Added Pin To Net: NetName=A0 Pin=R46-1
Added Pin To Net: NetName=+5V Pin=R47-2
Added Pin To Net: NetName=GND Pin=R48-1
Added Pin To Net: NetName=A3 Pin=R48-2
Added Pin To Net: NetName=GND Pin=R49-1
Added Pin To Net: NetName=A2 Pin=R49-2
Added Pin To Net: NetName=GND Pin=R50-1
Added Pin To Net: NetName=A1 Pin=R50-2
Added Pin To Net: NetName=GND Pin=R51-1
Added Pin To Net: NetName=A0 Pin=R51-2
Added Pin To Net: NetName=+5V Pin=R52-1
Added Pin To Net: NetName=+5V Pin=R53-1
Added Pin To Net: NetName=+5V Pin=U16-1
Added Pin To Net: NetName=Señal3 Pin=U16-10
Added Pin To Net: NetName=+5V Pin=U16-11
Added Pin To Net: NetName=GND Pin=U16-12
Added Pin To Net: NetName=GND Pin=U16-20
Added Pin To Net: NetName=+5V Pin=U16-21
Added Pin To Net: NetName=GND Pin=U16-31
Added Pin To Net: NetName=+5V Pin=U16-32
Added Pin To Net: NetName=Referencia Pin=U16-36
Added Pin To Net: NetName=Señal1 Pin=U16-37
Added Pin To Net: NetName=Señal2 Pin=U16-38
Added Pin To Net: NetName=GND Pin=U16-39
Added Pin To Net: NetName=+5V Pin=U16-40
Added Pin To Net: NetName=GND Pin=U17-4
Added Pin To Net: NetName=+5V Pin=U17-8
Added Pin To Net: NetName=Cristal1 Pin=C51-1
Added Pin To Net: NetName=Cristal1 Pin=Y1-2
Added Net: Name=Cristal1
Added Pin To Net: NetName=Cristal2 Pin=C52-1
Added Pin To Net: NetName=Cristal2 Pin=U16-13
Added Pin To Net: NetName=Cristal2 Pin=U16-14
Added Pin To Net: NetName=Cristal2 Pin=Y1-1
Added Net: Name=Cristal2
Added Pin To Net: NetName=CS2 Pin=U16-3
Added Net: Name=CS2
Added Pin To Net: NetName=EN_GPS Pin=GPS1-7
Added Pin To Net: NetName=EN_GPS Pin=U16-19
Added Net: Name=EN_GPS
Added Pin To Net: NetName=INreloj Pin=U16-18
Added Pin To Net: NetName=INreloj Pin=U17-7
Added Net: Name=INreloj
Added Pin To Net: NetName=LED1 Pin=P12-3
Added Pin To Net: NetName=LED1 Pin=R42-1
Added Net: Name=LED1
Added Pin To Net: NetName=MISO Pin=U16-26
Added Net: Name=MISO
Added Pin To Net: NetName=MMC-CS Pin=U16-29
Added Net: Name=MMC-CS
Added Pin To Net: NetName=MOSI Pin=U16-25
Added Net: Name=MOSI
Added Pin To Net: NetName=NetBT1_0 Pin=BT1-0
Added Pin To Net: NetName=NetBT1_0 Pin=U17-3
Added Net: Name=NetBT1_0
Added Pin To Net: NetName=NetP12_1 Pin=P12-1
Added Pin To Net: NetName=NetP12_1 Pin=R47-1
Added Net: Name=NetP12_1
Added Pin To Net: NetName=NetR42_2 Pin=R42-2
Added Pin To Net: NetName=NetR42_2 Pin=U16-2
Added Net: Name=NetR42_2
Added Pin To Net: NetName=NetR43_2 Pin=R43-2
Added Pin To Net: NetName=NetR43_2 Pin=U16-8
Added Net: Name=NetR43_2
Added Pin To Net: NetName=NetR44_2 Pin=R44-2
Added Pin To Net: NetName=NetR44_2 Pin=U16-7
Added Net: Name=NetR44_2
Added Pin To Net: NetName=NetR45_2 Pin=R45-2
Added Pin To Net: NetName=NetR45_2 Pin=U16-6
Added Net: Name=NetR45_2
Added Pin To Net: NetName=NetR46_2 Pin=R46-2
Added Pin To Net: NetName=NetR46_2 Pin=U16-5
Added Net: Name=NetR46_2
Added Pin To Net: NetName=NetU17_1 Pin=U17-1
Added Pin To Net: NetName=NetU17_1 Pin=Y2-2
Added Net: Name=NetU17_1
Added Pin To Net: NetName=NetU17_2 Pin=U17-2
Added Pin To Net: NetName=NetU17_2 Pin=Y2-1
Added Net: Name=NetU17_2
Added Pin To Net: NetName=PPS_GPS Pin=GPS1-0
Added Pin To Net: NetName=PPS_GPS Pin=U16-17
Added Net: Name=PPS_GPS
Added Pin To Net: NetName=RX_GPS Pin=GPS1-3
Added Pin To Net: NetName=RX_GPS Pin=U16-15
Added Net: Name=RX_GPS
Added Pin To Net: NetName=SCK Pin=U16-24
Added Net: Name=SCK
Added Pin To Net: NetName=SCL_DS1307 Pin=R52-2
Added Pin To Net: NetName=SCL_DS1307 Pin=U16-22
Added Pin To Net: NetName=SCL_DS1307 Pin=U17-6
Added Net: Name=SCL_DS1307
Added Pin To Net: NetName=SDA_DS1307 Pin=R53-2
Added Pin To Net: NetName=SDA_DS1307 Pin=U16-23
Added Pin To Net: NetName=SDA_DS1307 Pin=U17-5
Added Net: Name=SDA_DS1307
Added Pin To Net: NetName=TX_GPS Pin=GPS1-4
Added Pin To Net: NetName=TX_GPS Pin=U16-16
Added Net: Name=TX_GPS
Added Pin To Net: NetName=U2RX Pin=U16-28
Added Net: Name=U2RX
Added Pin To Net: NetName=U2TX Pin=U16-27
Added Net: Name=U2TX
Added Member To Class: ClassName=Digitalizador_RPi Member=Component BT1 Bateria
Added Member To Class: ClassName=Digitalizador_RPi Member=Component C50 Cap
Added Member To Class: ClassName=Digitalizador_RPi Member=Component C51 Cap
Added Member To Class: ClassName=Digitalizador_RPi Member=Component C52 Cap
Added Member To Class: ClassName=Digitalizador_RPi Member=Component C53 Cap
Added Member To Class: ClassName=Digitalizador_RPi Member=Component GPS1 GPS_BREAKOUT_V3
Added Member To Class: ClassName=Digitalizador_RPi Member=Component P12 Molex LEDs
Added Member To Class: ClassName=Digitalizador_RPi Member=Component R42 Res1
Added Member To Class: ClassName=Digitalizador_RPi Member=Component R43 Res1
Added Member To Class: ClassName=Digitalizador_RPi Member=Component R44 Res1
Added Member To Class: ClassName=Digitalizador_RPi Member=Component R45 Res1
Added Member To Class: ClassName=Digitalizador_RPi Member=Component R46 Res1
Added Member To Class: ClassName=Digitalizador_RPi Member=Component R47 Res1
Added Member To Class: ClassName=Digitalizador_RPi Member=Component R48 Res1
Added Member To Class: ClassName=Digitalizador_RPi Member=Component R49 Res1
Added Member To Class: ClassName=Digitalizador_RPi Member=Component R50 Res1
Added Member To Class: ClassName=Digitalizador_RPi Member=Component R51 Res1
Added Member To Class: ClassName=Digitalizador_RPi Member=Component R52 Res1
Added Member To Class: ClassName=Digitalizador_RPi Member=Component R53 Res1
Added Member To Class: ClassName=Digitalizador_RPi Member=Component U16 DSPIC30F3014-20I/P
Added Member To Class: ClassName=Digitalizador_RPi Member=Component U17 DS1307
Added Member To Class: ClassName=Digitalizador_RPi Member=Component Y1 XTAL-12MHz
Added Member To Class: ClassName=Digitalizador_RPi Member=Component Y2 XTAL-32768
Added Room: Name=Digitalizador_RPi
