Change Component Footprint: Designator=C2 Old Footprint=lenteja New Footprint=0603
Change Component Footprint: Designator=C6 Old Footprint=lenteja New Footprint=0603
Change Component Footprint: Designator=C7 Old Footprint=lenteja New Footprint=0603
Change Component Footprint: Designator=C8 Old Footprint=lenteja New Footprint=0603
Change Component Footprint: Designator=C11 Old Footprint=lenteja New Footprint=0603
Change Component Footprint: Designator=C12 Old Footprint=lenteja New Footprint=0603
Change Component Footprint: Designator=C13 Old Footprint=lenteja New Footprint=0603
Change Component Footprint: Designator=C14 Old Footprint=lenteja New Footprint=0603
Added Component: Designator=C56(0603)
Add component. Clean all parameters for all variants
Add component (AddParameter): Name = "LatestRevisionDate"; Value = "17-Jul-2002"; VariantName = "[No Variations]"
Add component (AddParameter): Name = "LatestRevisionNote"; Value = "Re-released for DXP Platform."; VariantName = "[No Variations]"
Add component (AddParameter): Name = "PackageDescription"; Value = "Radial Cap, Thru-Hole; 2 Leads; 0.3 in Pin Spacing"; VariantName = "[No Variations]"
Add component (AddParameter): Name = "PackageReference"; Value = "RAD-0.3"; VariantName = "[No Variations]"
Add component (AddParameter): Name = "Published"; Value = "8-Jun-2000"; VariantName = "[No Variations]"
Add component (AddParameter): Name = "Publisher"; Value = "Altium Limited"; VariantName = "[No Variations]"
Add component (AddParameter): Name = "Value"; Value = "10nF"; VariantName = "[No Variations]"
Added Component: Designator=C57(0603)
Add component. Clean all parameters for all variants
Add component (AddParameter): Name = "LatestRevisionDate"; Value = "17-Jul-2002"; VariantName = "[No Variations]"
Add component (AddParameter): Name = "LatestRevisionNote"; Value = "Re-released for DXP Platform."; VariantName = "[No Variations]"
Add component (AddParameter): Name = "PackageDescription"; Value = "Radial Cap, Thru-Hole; 2 Leads; 0.3 in Pin Spacing"; VariantName = "[No Variations]"
Add component (AddParameter): Name = "PackageReference"; Value = "RAD-0.3"; VariantName = "[No Variations]"
Add component (AddParameter): Name = "Published"; Value = "8-Jun-2000"; VariantName = "[No Variations]"
Add component (AddParameter): Name = "Publisher"; Value = "Altium Limited"; VariantName = "[No Variations]"
Add component (AddParameter): Name = "Value"; Value = "100nF"; VariantName = "[No Variations]"
Added Pin To Net: NetName=GND Pin=C56-1
Added Pin To Net: NetName=+5V Pin=C56-2
Added Pin To Net: NetName=GND Pin=C57-1
Added Pin To Net: NetName=+5V Pin=C57-2
Added Member To Class: ClassName=Digitalizador_RPi Member=Component C56 Cap
Added Member To Class: ClassName=Digitalizador_RPi Member=Component C57 Cap
Added Room: Name=Digitalizador_RPi
