Added Component: Designator=Q1(SOT523)
Add component. Clean all parameters for all variants
Added Component: Designator=R102(0805)
Add component. Clean all parameters for all variants
Add component (AddParameter): Name = "LatestRevisionDate"; Value = "17-Jul-2002"; VariantName = "[No Variations]"
Add component (AddParameter): Name = "LatestRevisionNote"; Value = "Re-released for DXP Platform."; VariantName = "[No Variations]"
Add component (AddParameter): Name = "PackageDescription"; Value = "Axial Device, Thru-Hole; 2 Leads; 0.3 in Pin Spacing"; VariantName = "[No Variations]"
Add component (AddParameter): Name = "PackageReference"; Value = "AXIAL-0.3"; VariantName = "[No Variations]"
Add component (AddParameter): Name = "Published"; Value = "8-Jun-2000"; VariantName = "[No Variations]"
Add component (AddParameter): Name = "Publisher"; Value = "Altium Limited"; VariantName = "[No Variations]"
Add component (AddParameter): Name = "Value"; Value = "1k"; VariantName = "[No Variations]"
Added Component: Designator=R103(0805)
Add component. Clean all parameters for all variants
Add component (AddParameter): Name = "LatestRevisionDate"; Value = "17-Jul-2002"; VariantName = "[No Variations]"
Add component (AddParameter): Name = "LatestRevisionNote"; Value = "Re-released for DXP Platform."; VariantName = "[No Variations]"
Add component (AddParameter): Name = "PackageDescription"; Value = "Axial Device, Thru-Hole; 2 Leads; 0.3 in Pin Spacing"; VariantName = "[No Variations]"
Add component (AddParameter): Name = "PackageReference"; Value = "AXIAL-0.3"; VariantName = "[No Variations]"
Add component (AddParameter): Name = "Published"; Value = "8-Jun-2000"; VariantName = "[No Variations]"
Add component (AddParameter): Name = "Publisher"; Value = "Altium Limited"; VariantName = "[No Variations]"
Add component (AddParameter): Name = "Value"; Value = "1k"; VariantName = "[No Variations]"
Added Pin To Net: NetName=+5V Pin=R103-2
Added Pin To Net: NetName=+3.3V Pin=Q1-1
Added Pin To Net: NetName=+3.3V Pin=R102-2
Added Net: Name=+3.3V
Added Pin To Net: NetName=TX_GPS_3.3 Pin=GPS1-4
Added Pin To Net: NetName=TX_GPS_3.3 Pin=Q1-2
Added Pin To Net: NetName=TX_GPS_3.3 Pin=R102-1
Added Net: Name=TX_GPS_3.3
Added Pin To Net: NetName=TX_GPS_5 Pin=Q1-3
Added Pin To Net: NetName=TX_GPS_5 Pin=R103-1
Added Pin To Net: NetName=TX_GPS_5 Pin=U4-16
Added Net: Name=TX_GPS_5
Added Member To Class: ClassName=Digitalizador_RPi Member=Component Q1 2N7002T
Added Member To Class: ClassName=Digitalizador_RPi Member=Component R102 Res1
Added Member To Class: ClassName=Digitalizador_RPi Member=Component R103 Res1
Added Room: Name=Digitalizador_RPi
